#
# A fatal error has been detected by the Java Runtime Environment:
#
#  SIGILL (0x4) at pc=0x00007fff3534cb5c, pid=51085, tid=72711
#
# JRE version: OpenJDK Runtime Environment (13.0.1+9) (build 13.0.1+9)
# Java VM: OpenJDK 64-Bit Server VM (13.0.1+9, mixed mode, sharing, tiered, compressed oops, g1 gc, bsd-amd64)
# Problematic frame:
# C  [AppKit+0x379b5c]  -[NSOpenGLContext setView:]+0xe5
#
# No core dump will be written. Core dumps have been disabled. To enable core dumping, try "ulimit -c unlimited" before starting Java again
#
# If you would like to submit a bug report, please visit:
#   http://bugreport.java.com/bugreport/crash.jsp
# The crash happened outside the Java Virtual Machine in native code.
# See problematic frame for where to report the bug.
#

---------------  S U M M A R Y ------------

Command Line: /Users/ksenia/Downloads/MidiZyx2abc_6.04.jar

Host: MacBookPro12,1 x86_64 2700 MHz, 4 cores, 8G, Darwin 19.0.0
Time: Sun Jan 12 22:13:09 2020 CET elapsed time: 26214 seconds (0d 7h 16m 54s)

---------------  T H R E A D  ---------------

Current thread (0x00007feb6607c800):  JavaThread "Java2D Queue Flusher" daemon [_thread_in_native, id=72711, stack(0x000070000df05000,0x000070000e005000)]

Stack: [0x000070000df05000,0x000070000e005000],  sp=0x000070000e0047e0,  free space=1021k
Native frames: (J=compiled Java code, A=aot compiled Java code, j=interpreted, Vv=VM code, C=native code)
C  [AppKit+0x379b5c]  -[NSOpenGLContext setView:]+0xe5
C  [libawt_lwawt.dylib+0x211d6]  CGLSD_MakeCurrentToScratch+0x45
C  [libawt_lwawt.dylib+0x212df]  OGLSD_MakeOGLContextCurrent+0x58
C  [libawt_lwawt.dylib+0x4028e]  OGLContext_SetSurfaces+0x85
C  [libawt_lwawt.dylib+0x43fa9]  Java_sun_java2d_opengl_OGLRenderQueue_flushBuffer+0x629
J 1916  sun.java2d.opengl.OGLRenderQueue.flushBuffer(JI)V java.desktop@13.0.1 (0 bytes) @ 0x0000000113feb45d [0x0000000113feb3a0+0x00000000000000bd]
J 1900 c1 sun.java2d.opengl.OGLRenderQueue.flushBuffer()V java.desktop@13.0.1 (41 bytes) @ 0x000000010cde9d1c [0x000000010cde9be0+0x000000000000013c]
J 3332% c1 sun.java2d.opengl.OGLRenderQueue$QueueFlusher.run()V java.desktop@13.0.1 (234 bytes) @ 0x000000010d14ea6c [0x000000010d14e3c0+0x00000000000006ac]
j  java.lang.Thread.run()V+11 java.base@13.0.1
v  ~StubRoutines::call_stub
V  [libjvm.dylib+0x3a2913]  JavaCalls::call_helper(JavaValue*, methodHandle const&, JavaCallArguments*, Thread*)+0x285
V  [libjvm.dylib+0x3a1d20]  JavaCalls::call_virtual(JavaValue*, Klass*, Symbol*, Symbol*, JavaCallArguments*, Thread*)+0xe2
V  [libjvm.dylib+0x3a1dda]  JavaCalls::call_virtual(JavaValue*, Handle, Klass*, Symbol*, Symbol*, Thread*)+0x62
V  [libjvm.dylib+0x428b12]  thread_entry(JavaThread*, Thread*)+0x78
V  [libjvm.dylib+0x7a202e]  JavaThread::thread_main_inner()+0x86
V  [libjvm.dylib+0x7a1e72]  JavaThread::run()+0x124
V  [libjvm.dylib+0x79fcaf]  Thread::call_run()+0x71
V  [libjvm.dylib+0x638c50]  thread_native_entry(Thread*)+0x12f
C  [libsystem_pthread.dylib+0x5d76]  _pthread_start+0x7d
C  [libsystem_pthread.dylib+0x25d7]  thread_start+0xf

Java frames: (J=compiled Java code, j=interpreted, Vv=VM code)
J 1916  sun.java2d.opengl.OGLRenderQueue.flushBuffer(JI)V java.desktop@13.0.1 (0 bytes) @ 0x0000000113feb3e8 [0x0000000113feb3a0+0x0000000000000048]
J 1900 c1 sun.java2d.opengl.OGLRenderQueue.flushBuffer()V java.desktop@13.0.1 (41 bytes) @ 0x000000010cde9d1c [0x000000010cde9be0+0x000000000000013c]
J 3332% c1 sun.java2d.opengl.OGLRenderQueue$QueueFlusher.run()V java.desktop@13.0.1 (234 bytes) @ 0x000000010d14ea6c [0x000000010d14e3c0+0x00000000000006ac]
j  java.lang.Thread.run()V+11 java.base@13.0.1
v  ~StubRoutines::call_stub

siginfo: si_signo: 4 (SIGILL), si_code: 1 (ILL_ILLOPC), si_addr: 0x00007fff3534cb5c

Register to memory mapping:

RAX=0x0 is NULL
RBX=0x00007feb64eeb0b0 points into unknown readable memory: e0 a3 ee 64 eb 7f 00 00
RCX=0x0 is NULL
RDX=0x0 is NULL
RSP=0x000070000e0047e0 is pointing into the stack for thread: 0x00007feb6607c800
RBP=0x000070000e004830 is pointing into the stack for thread: 0x00007feb6607c800
RSI=0x000000001f08000c is an unknown value
RDI=0x0 is NULL
R8 =0x0 is NULL
R9 =0x0 is NULL
R10=0x0 is NULL
R11=0x0 is NULL
R12=0x00007feb65081038 points into unknown readable memory: 00 00 00 00 00 00 00 00
R13=0x00007feb686a44a0 points into unknown readable memory: ca e6 51 24 01 00 00 00
R14=0x00007feb674055f0 points into unknown readable memory: c5 b6 24 93 ff ff 3d 00
R15=0x00007feb64eea3e0 points into unknown readable memory: c5 84 24 93 ff ff 3d 01


Registers:
RAX=0x0000000000000000, RBX=0x00007feb64eeb0b0, RCX=0x0000000000000000, RDX=0x0000000000000000
RSP=0x000070000e0047e0, RBP=0x000070000e004830, RSI=0x000000001f08000c, RDI=0x0000000000000000
R8 =0x0000000000000000, R9 =0x0000000000000000, R10=0x0000000000000000, R11=0x0000000000000000
R12=0x00007feb65081038, R13=0x00007feb686a44a0, R14=0x00007feb674055f0, R15=0x00007feb64eea3e0
RIP=0x00007fff3534cb5c, EFLAGS=0x0000000000010202, ERR=0x0000000000000000
  TRAPNO=0x0000000000000006

Top of Stack: (sp=0x000070000e0047e0)
0x000070000e0047e0:   0000000000000000 0000000000000000
0x000070000e0047f0:   0000000000000000 0000000000000000
0x000070000e004800:   000000003f000000 0000000000000000
0x000070000e004810:   00000000447a0000 00007feb64eeb0b0
0x000070000e004820:   00007feb6607cb10 00007feb6607cb10
0x000070000e004830:   000070000e004860 00000001244f91d6
0x000070000e004840:   00007feb64f89b30 00007feb6740c460
0x000070000e004850:   00007feb64eeb0b0 00007feb6607cb10
0x000070000e004860:   000070000e0048a0 00000001244f92df
0x000070000e004870:   0000000000000005 00007feb6607cb10
0x000070000e004880:   00007feb686a44a0 00000007801abb70
0x000070000e004890:   00007feb660b3e18 00007feb686a44a0
0x000070000e0048a0:   000070000e0048e0 000000012451828e
0x000070000e0048b0:   000000012451bf7a 00007feb660b3e08
0x000070000e0048c0:   00007feb686a44a0 00000007801abb70
0x000070000e0048d0:   00007feb660b3e18 00007feb686a44a0
0x000070000e0048e0:   000070000e004930 000000012451bfa9
0x000070000e0048f0:   0000000002a36301 00007feb660b3ff8
0x000070000e004900:   00007feb6607cb10 0000000195d94698
0x000070000e004910:   0000000000000000 00000007801abb70
0x000070000e004920:   000000000000000f 00007feb6607c800
0x000070000e004930:   000070000e004980 0000000113feb45d
0x000070000e004940:   000000078032ed28 000000010241d25a
0x000070000e004950:   0000700000000005 00007feb6607c800
0x000070000e004960:   000070000e004b01 00007feb64f7d100
0x000070000e004970:   000070000e004900 00007feb6607c800
0x000070000e004980:   000070000e004b28 000000010cde9d1c
0x000070000e004990:   000000000000000f 00007feb6607c800
0x000070000e0049a0:   000070000e0049f0 0000000113fbd05b
0x000070000e0049b0:   00000007802fe2a0 0000000191bf5e60
0x000070000e0049c0:   0000000000000000 0000000780254858
0x000070000e0049d0:   0000000191bf5df0 0000000000000000 

Instructions: (pc=0x00007fff3534cb5c)
0x00007fff3534ca5c:   c3 90 90 90 90 90 90 90 90 55 48 89 e5 48 8b 35
0x00007fff3534ca6c:   70 e3 eb 5d 5d ff 25 71 ed ba 5d 55 48 89 e5 41
0x00007fff3534ca7c:   57 41 56 53 48 83 ec 38 49 89 d6 49 89 ff 8a 05
0x00007fff3534ca8c:   70 f4 f2 5d 84 c0 0f 84 90 00 00 00 04 fe 84 c0
0x00007fff3534ca9c:   75 0d e8 13 f0 7d 00 85 c0 0f 84 a5 00 00 00 48
0x00007fff3534caac:   8b 35 ce d3 ea 5d 4c 89 ff ff 15 2d ed ba 5d 49
0x00007fff3534cabc:   8d 7f 08 e8 42 ee 7d 00 4c 39 f0 74 3e 48 8b 0d
0x00007fff3534cacc:   10 d4 ba 5d 48 8d 7d b0 48 89 0f b9 00 00 00 c2
0x00007fff3534cadc:   48 89 4f 08 48 8d 0d ef b0 34 00 48 89 4f 10 48
0x00007fff3534caec:   8d 0d d6 6d bb 5d 48 89 4f 18 48 89 47 20 4c 89
0x00007fff3534cafc:   7f 28 4c 89 77 30 e8 63 e5 cc ff 31 db 48 8b 35
0x00007fff3534cb0c:   78 d3 ea 5d 4c 89 ff ff 15 cf ec ba 5d 84 db 75
0x00007fff3534cb1c:   2c 48 83 c4 38 5b 41 5e 41 5f 5d c3 48 8d 3d e9
0x00007fff3534cb2c:   d0 c0 5d 48 8d 15 ca f3 f2 5d 48 8d 0d 6b b9 34
0x00007fff3534cb3c:   00 31 f6 e8 a3 b1 c8 ff e9 51 ff ff ff e8 88 ed
0x00007fff3534cb4c:   7d 00 0f 0b 48 8d 3d 97 42 85 00 e8 f2 e7 7d 00
0x00007fff3534cb5c:   0f 0b 49 89 c6 eb 13 48 89 c7 e8 3b ed 7d 00 b3
0x00007fff3534cb6c:   01 eb 9a 49 89 c6 84 db 74 05 e8 4f ed 7d 00 4c
0x00007fff3534cb7c:   89 f7 e8 ed e6 7d 00 0f 0b e8 1e ee 7d 00 55 48
0x00007fff3534cb8c:   89 e5 41 57 41 56 41 54 53 41 89 f6 48 89 fb e8
0x00007fff3534cb9c:   41 00 00 00 49 89 c4 48 89 df e8 86 00 00 00 49
0x00007fff3534cbac:   89 c7 4d 85 e4 74 0c 41 0f be f6 48 89 df e8 db
0x00007fff3534cbbc:   a2 05 00 4d 85 ff 74 14 41 0f be f6 48 89 df 5b
0x00007fff3534cbcc:   41 5c 41 5e 41 5f 5d e9 3c 40 05 00 5b 41 5c 41
0x00007fff3534cbdc:   5e 41 5f 5d c3 55 48 89 e5 41 56 53 48 89 fb 4c
0x00007fff3534cbec:   8d 35 de 40 f2 5d 4c 89 f7 e8 ce ee 7d 00 48 8b
0x00007fff3534cbfc:   3d f7 f2 f2 5d 48 8b 35 08 ac ea 5d 48 89 da ff
0x00007fff3534cc0c:   15 d7 eb ba 5d 48 89 c7 ff 15 de eb ba 5d 48 89
0x00007fff3534cc1c:   c3 4c 89 f7 e8 a9 ee 7d 00 48 89 df 5b 41 5e 5d
0x00007fff3534cc2c:   e9 5d ec 7d 00 55 48 89 e5 41 56 53 48 89 fb 4c
0x00007fff3534cc3c:   8d 35 4e 40 f2 5d 4c 89 f7 e8 7e ee 7d 00 48 8b
0x00007fff3534cc4c:   3d 9f f2 f2 5d 48 8b 35 b8 ab ea 5d 48 89 da ff 


Stack slot to memory mapping:
stack at sp + 0 slots: 0x0 is NULL
stack at sp + 1 slots: 0x0 is NULL
stack at sp + 2 slots: 0x0 is NULL
stack at sp + 3 slots: 0x0 is NULL
stack at sp + 4 slots: 0x000000003f000000 is an unknown value
stack at sp + 5 slots: 0x0 is NULL
stack at sp + 6 slots: 0x00000000447a0000 is an unknown value
stack at sp + 7 slots: 0x00007feb64eeb0b0 points into unknown readable memory: e0 a3 ee 64 eb 7f 00 00


---------------  P R O C E S S  ---------------

Threads class SMR info:
_java_thread_list=0x00007feb64fb1b30, length=15, elements={
0x00007feb6689b800, 0x00007feb6689e800, 0x00007feb6580e800, 0x00007feb66009000,
0x00007feb668a2800, 0x00007feb668a3800, 0x00007feb6583f800, 0x00007feb668a4000,
0x00007feb6584c000, 0x00007feb65857800, 0x00007feb66b33000, 0x00007feb66b36000,
0x00007feb6607c800, 0x00007feb65083000, 0x00007feb6588a800
}

Java Threads: ( => current thread )
  0x00007feb6689b800 JavaThread "Reference Handler" daemon [_thread_blocked, id=15619, stack(0x000070000d155000,0x000070000d255000)]
  0x00007feb6689e800 JavaThread "Finalizer" daemon [_thread_blocked, id=18947, stack(0x000070000d258000,0x000070000d358000)]
  0x00007feb6580e800 JavaThread "Signal Dispatcher" daemon [_thread_blocked, id=21763, stack(0x000070000d461000,0x000070000d561000)]
  0x00007feb66009000 JavaThread "C2 CompilerThread0" daemon [_thread_blocked, id=43011, stack(0x000070000d564000,0x000070000d664000)]
  0x00007feb668a2800 JavaThread "C1 CompilerThread0" daemon [_thread_blocked, id=42499, stack(0x000070000d667000,0x000070000d767000)]
  0x00007feb668a3800 JavaThread "Sweeper thread" daemon [_thread_blocked, id=23043, stack(0x000070000d76a000,0x000070000d86a000)]
  0x00007feb6583f800 JavaThread "Service Thread" daemon [_thread_blocked, id=41987, stack(0x000070000d86d000,0x000070000d96d000)]
  0x00007feb668a4000 JavaThread "Common-Cleaner" daemon [_thread_blocked, id=24067, stack(0x000070000da73000,0x000070000db73000)]
  0x00007feb6584c000 JavaThread "AppKit Thread" daemon [_thread_in_native, id=775, stack(0x00007ffeedcaf000,0x00007ffeee4af000)]
  0x00007feb65857800 JavaThread "AWT-Shutdown" [_thread_blocked, id=32267, stack(0x000070000db76000,0x000070000dc76000)]
  0x00007feb66b33000 JavaThread "AWT-EventQueue-0" [_thread_blocked, id=74247, stack(0x000070000de02000,0x000070000df02000)]
  0x00007feb66b36000 JavaThread "DestroyJavaVM" [_thread_blocked, id=6147, stack(0x000070000ca40000,0x000070000cb40000)]
=>0x00007feb6607c800 JavaThread "Java2D Queue Flusher" daemon [_thread_in_native, id=72711, stack(0x000070000df05000,0x000070000e005000)]
  0x00007feb65083000 JavaThread "Java2D Disposer" daemon [_thread_blocked, id=55043, stack(0x000070000e008000,0x000070000e108000)]
  0x00007feb6588a800 JavaThread "TimerQueue" daemon [_thread_blocked, id=67591, stack(0x000070000e10b000,0x000070000e20b000)]

Other Threads:
  0x00007feb66007800 VMThread "VM Thread" [stack: 0x000070000d052000,0x000070000d152000] [id=19971]
  0x00007feb6582c800 WatcherThread [stack: 0x000070000d970000,0x000070000da70000] [id=23555]
  0x00007feb66824800 GCTaskThread "GC Thread#0" [stack: 0x000070000cb43000,0x000070000cc43000] [id=11779]
  0x00007feb6632c800 GCTaskThread "GC Thread#1" [stack: 0x000070000e20e000,0x000070000e30e000] [id=65347]
  0x00007feb6632f800 GCTaskThread "GC Thread#2" [stack: 0x000070000e311000,0x000070000e411000] [id=64283]
  0x00007feb66330800 GCTaskThread "GC Thread#3" [stack: 0x000070000e414000,0x000070000e514000] [id=62723]
  0x00007feb66835000 ConcurrentGCThread "G1 Main Marker" [stack: 0x000070000cc46000,0x000070000cd46000] [id=20995]
  0x00007feb66000000 ConcurrentGCThread "G1 Conc#0" [stack: 0x000070000cd49000,0x000070000ce49000] [id=20483]
  0x00007feb66886000 ConcurrentGCThread "G1 Refine#0" [stack: 0x000070000ce4c000,0x000070000cf4c000] [id=13059]
  0x00007feb65a69800 ConcurrentGCThread "G1 Refine#1" [stack: 0x000070000e517000,0x000070000e617000] [id=63235]
  0x00007feb66886800 ConcurrentGCThread "G1 Young RemSet Sampling" [stack: 0x000070000cf4f000,0x000070000d04f000] [id=13571]

Threads with active compile tasks:

VM state:not at safepoint (normal execution)

VM Mutex/Monitor currently owned by a thread: None

Heap address: 0x0000000780000000, size: 2048 MB, Compressed Oops mode: Zero based, Oop shift amount: 3
Narrow klass base: 0x0000000800000000, Narrow klass shift: 3
Compressed class space size: 1073741824 Address: 0x0000000800af4000

Heap:
 garbage-first heap   total 137216K, used 39732K [0x0000000780000000, 0x0000000800000000)
  region size 1024K, 2 young (2048K), 1 survivors (1024K)
 Metaspace       used 17444K, capacity 17789K, committed 18176K, reserved 1064960K
  class space    used 2067K, capacity 2238K, committed 2304K, reserved 1048576K
Heap Regions: E=young(eden), S=young(survivor), O=old, HS=humongous(starts), HC=humongous(continues), CS=collection set, F=free, A=archive, TAMS=top-at-mark-start (previous, next)
|   0|0x0000000780000000, 0x0000000780100000, 0x0000000780100000|100%| O|  |TAMS 0x0000000780100000, 0x0000000780000000| Untracked 
|   1|0x0000000780100000, 0x0000000780200000, 0x0000000780200000|100%| O|  |TAMS 0x0000000780200000, 0x0000000780100000| Untracked 
|   2|0x0000000780200000, 0x0000000780300000, 0x0000000780300000|100%| O|  |TAMS 0x0000000780300000, 0x0000000780200000| Untracked 
|   3|0x0000000780300000, 0x0000000780400000, 0x0000000780400000|100%| O|  |TAMS 0x0000000780400000, 0x0000000780300000| Untracked 
|   4|0x0000000780400000, 0x0000000780500000, 0x0000000780500000|100%| O|  |TAMS 0x0000000780500000, 0x0000000780400000| Untracked 
|   5|0x0000000780500000, 0x0000000780600000, 0x0000000780600000|100%| O|  |TAMS 0x0000000780600000, 0x0000000780500000| Untracked 
|   6|0x0000000780600000, 0x0000000780700000, 0x0000000780700000|100%| O|  |TAMS 0x0000000780700000, 0x0000000780600000| Untracked 
|   7|0x0000000780700000, 0x0000000780800000, 0x0000000780800000|100%| O|  |TAMS 0x000000078070dc00, 0x0000000780700000| Untracked 
|   8|0x0000000780800000, 0x0000000780800000, 0x0000000780900000|  0%| F|  |TAMS 0x0000000780800000, 0x0000000780800000| Untracked 
|   9|0x0000000780900000, 0x0000000780900000, 0x0000000780a00000|  0%| F|  |TAMS 0x0000000780900000, 0x0000000780900000| Untracked 
|  10|0x0000000780a00000, 0x0000000780a00000, 0x0000000780b00000|  0%| F|  |TAMS 0x0000000780a00000, 0x0000000780a00000| Untracked 
|  11|0x0000000780b00000, 0x0000000780b00000, 0x0000000780c00000|  0%| F|  |TAMS 0x0000000780b00000, 0x0000000780b00000| Untracked 
|  12|0x0000000780c00000, 0x0000000780c00000, 0x0000000780d00000|  0%| F|  |TAMS 0x0000000780c00000, 0x0000000780c00000| Untracked 
|  13|0x0000000780d00000, 0x0000000780d00000, 0x0000000780e00000|  0%| F|  |TAMS 0x0000000780d00000, 0x0000000780d00000| Untracked 
|  14|0x0000000780e00000, 0x0000000780e00000, 0x0000000780f00000|  0%| F|  |TAMS 0x0000000780e00000, 0x0000000780e00000| Untracked 
|  15|0x0000000780f00000, 0x0000000780f00000, 0x0000000781000000|  0%| F|  |TAMS 0x0000000780f00000, 0x0000000780f00000| Untracked 
|  16|0x0000000781000000, 0x0000000781000000, 0x0000000781100000|  0%| F|  |TAMS 0x0000000781000000, 0x0000000781000000| Untracked 
|  17|0x0000000781100000, 0x0000000781100000, 0x0000000781200000|  0%| F|  |TAMS 0x0000000781100000, 0x0000000781100000| Untracked 
|  18|0x0000000781200000, 0x0000000781200000, 0x0000000781300000|  0%| F|  |TAMS 0x0000000781200000, 0x0000000781200000| Untracked 
|  19|0x0000000781300000, 0x0000000781300000, 0x0000000781400000|  0%| F|  |TAMS 0x0000000781300000, 0x0000000781300000| Untracked 
|  20|0x0000000781400000, 0x0000000781400000, 0x0000000781500000|  0%| F|  |TAMS 0x0000000781400000, 0x0000000781400000| Untracked 
|  21|0x0000000781500000, 0x0000000781500000, 0x0000000781600000|  0%| F|  |TAMS 0x0000000781500000, 0x0000000781500000| Untracked 
|  22|0x0000000781600000, 0x0000000781600000, 0x0000000781700000|  0%| F|  |TAMS 0x0000000781600000, 0x0000000781600000| Untracked 
|  23|0x0000000781700000, 0x0000000781700000, 0x0000000781800000|  0%| F|  |TAMS 0x0000000781700000, 0x0000000781700000| Untracked 
|  24|0x0000000781800000, 0x0000000781800000, 0x0000000781900000|  0%| F|  |TAMS 0x0000000781800000, 0x0000000781800000| Untracked 
|  25|0x0000000781900000, 0x0000000781900000, 0x0000000781a00000|  0%| F|  |TAMS 0x0000000781900000, 0x0000000781900000| Untracked 
|  26|0x0000000781a00000, 0x0000000781a00000, 0x0000000781b00000|  0%| F|  |TAMS 0x0000000781a00000, 0x0000000781a00000| Untracked 
|  27|0x0000000781b00000, 0x0000000781b00000, 0x0000000781c00000|  0%| F|  |TAMS 0x0000000781b00000, 0x0000000781b00000| Untracked 
|  28|0x0000000781c00000, 0x0000000781c00000, 0x0000000781d00000|  0%| F|  |TAMS 0x0000000781c00000, 0x0000000781c00000| Untracked 
|  29|0x0000000781d00000, 0x0000000781d00000, 0x0000000781e00000|  0%| F|  |TAMS 0x0000000781d00000, 0x0000000781d00000| Untracked 
|  30|0x0000000781e00000, 0x0000000781e00000, 0x0000000781f00000|  0%| F|  |TAMS 0x0000000781e00000, 0x0000000781e00000| Untracked 
|  31|0x0000000781f00000, 0x0000000781f00000, 0x0000000782000000|  0%| F|  |TAMS 0x0000000781f00000, 0x0000000781f00000| Untracked 
|  32|0x0000000782000000, 0x0000000782000000, 0x0000000782100000|  0%| F|  |TAMS 0x0000000782000000, 0x0000000782000000| Untracked 
|  33|0x0000000782100000, 0x0000000782100000, 0x0000000782200000|  0%| F|  |TAMS 0x0000000782100000, 0x0000000782100000| Untracked 
|  34|0x0000000782200000, 0x0000000782200000, 0x0000000782300000|  0%| F|  |TAMS 0x0000000782200000, 0x0000000782200000| Untracked 
|  35|0x0000000782300000, 0x0000000782300000, 0x0000000782400000|  0%| F|  |TAMS 0x0000000782300000, 0x0000000782300000| Untracked 
|  36|0x0000000782400000, 0x0000000782400000, 0x0000000782500000|  0%| F|  |TAMS 0x0000000782400000, 0x0000000782400000| Untracked 
|  37|0x0000000782500000, 0x0000000782500000, 0x0000000782600000|  0%| F|  |TAMS 0x0000000782500000, 0x0000000782500000| Untracked 
|  38|0x0000000782600000, 0x0000000782600000, 0x0000000782700000|  0%| F|  |TAMS 0x0000000782600000, 0x0000000782600000| Untracked 
|  39|0x0000000782700000, 0x0000000782700000, 0x0000000782800000|  0%| F|  |TAMS 0x0000000782700000, 0x0000000782700000| Untracked 
|  40|0x0000000782800000, 0x0000000782800000, 0x0000000782900000|  0%| F|  |TAMS 0x0000000782800000, 0x0000000782800000| Untracked 
|  41|0x0000000782900000, 0x0000000782900000, 0x0000000782a00000|  0%| F|  |TAMS 0x0000000782900000, 0x0000000782900000| Untracked 
|  42|0x0000000782a00000, 0x0000000782a00000, 0x0000000782b00000|  0%| F|  |TAMS 0x0000000782a00000, 0x0000000782a00000| Untracked 
|  43|0x0000000782b00000, 0x0000000782b00000, 0x0000000782c00000|  0%| F|  |TAMS 0x0000000782b00000, 0x0000000782b00000| Untracked 
|  44|0x0000000782c00000, 0x0000000782c00000, 0x0000000782d00000|  0%| F|  |TAMS 0x0000000782c00000, 0x0000000782c00000| Untracked 
|  45|0x0000000782d00000, 0x0000000782d00000, 0x0000000782e00000|  0%| F|  |TAMS 0x0000000782d00000, 0x0000000782d00000| Untracked 
|  46|0x0000000782e00000, 0x0000000782e00000, 0x0000000782f00000|  0%| F|  |TAMS 0x0000000782e00000, 0x0000000782e00000| Untracked 
|  47|0x0000000782f00000, 0x0000000783000000, 0x0000000783000000|100%| O|  |TAMS 0x0000000782f00000, 0x0000000782f00000| Untracked 
|  48|0x0000000783000000, 0x0000000783100000, 0x0000000783100000|100%| O|  |TAMS 0x0000000783000000, 0x0000000783000000| Untracked 
|  49|0x0000000783100000, 0x0000000783200000, 0x0000000783200000|100%| O|  |TAMS 0x0000000783100000, 0x0000000783100000| Untracked 
|  50|0x0000000783200000, 0x0000000783300000, 0x0000000783300000|100%|HS|  |TAMS 0x0000000783200000, 0x0000000783200000| Complete 
|  51|0x0000000783300000, 0x0000000783400000, 0x0000000783400000|100%|HC|  |TAMS 0x0000000783300000, 0x0000000783300000| Complete 
|  52|0x0000000783400000, 0x0000000783500000, 0x0000000783500000|100%|HC|  |TAMS 0x0000000783400000, 0x0000000783400000| Complete 
|  53|0x0000000783500000, 0x0000000783600000, 0x0000000783600000|100%|HC|  |TAMS 0x0000000783500000, 0x0000000783500000| Complete 
|  54|0x0000000783600000, 0x0000000783700000, 0x0000000783700000|100%|HC|  |TAMS 0x0000000783600000, 0x0000000783600000| Complete 
|  55|0x0000000783700000, 0x0000000783800000, 0x0000000783800000|100%|HC|  |TAMS 0x0000000783700000, 0x0000000783700000| Complete 
|  56|0x0000000783800000, 0x0000000783900000, 0x0000000783900000|100%|HC|  |TAMS 0x0000000783800000, 0x0000000783800000| Complete 
|  57|0x0000000783900000, 0x0000000783a00000, 0x0000000783a00000|100%|HC|  |TAMS 0x0000000783900000, 0x0000000783900000| Complete 
|  58|0x0000000783a00000, 0x0000000783b00000, 0x0000000783b00000|100%|HC|  |TAMS 0x0000000783a00000, 0x0000000783a00000| Complete 
|  59|0x0000000783b00000, 0x0000000783c00000, 0x0000000783c00000|100%|HC|  |TAMS 0x0000000783b00000, 0x0000000783b00000| Complete 
|  60|0x0000000783c00000, 0x0000000783d00000, 0x0000000783d00000|100%|HC|  |TAMS 0x0000000783c00000, 0x0000000783c00000| Complete 
|  61|0x0000000783d00000, 0x0000000783e00000, 0x0000000783e00000|100%|HC|  |TAMS 0x0000000783d00000, 0x0000000783d00000| Complete 
|  62|0x0000000783e00000, 0x0000000783f00000, 0x0000000783f00000|100%|HC|  |TAMS 0x0000000783e00000, 0x0000000783e00000| Complete 
|  63|0x0000000783f00000, 0x0000000784000000, 0x0000000784000000|100%|HS|  |TAMS 0x0000000783f00000, 0x0000000783f00000| Complete 
|  64|0x0000000784000000, 0x0000000784100000, 0x0000000784100000|100%|HC|  |TAMS 0x0000000784000000, 0x0000000784000000| Complete 
|  65|0x0000000784100000, 0x0000000784200000, 0x0000000784200000|100%|HC|  |TAMS 0x0000000784100000, 0x0000000784100000| Complete 
|  66|0x0000000784200000, 0x0000000784300000, 0x0000000784300000|100%|HC|  |TAMS 0x0000000784200000, 0x0000000784200000| Complete 
|  67|0x0000000784300000, 0x0000000784400000, 0x0000000784400000|100%|HC|  |TAMS 0x0000000784300000, 0x0000000784300000| Complete 
|  68|0x0000000784400000, 0x0000000784500000, 0x0000000784500000|100%|HC|  |TAMS 0x0000000784400000, 0x0000000784400000| Complete 
|  69|0x0000000784500000, 0x0000000784600000, 0x0000000784600000|100%|HC|  |TAMS 0x0000000784500000, 0x0000000784500000| Complete 
|  70|0x0000000784600000, 0x0000000784700000, 0x0000000784700000|100%|HC|  |TAMS 0x0000000784600000, 0x0000000784600000| Complete 
|  71|0x0000000784700000, 0x0000000784800000, 0x0000000784800000|100%|HC|  |TAMS 0x0000000784700000, 0x0000000784700000| Complete 
|  72|0x0000000784800000, 0x0000000784900000, 0x0000000784900000|100%|HC|  |TAMS 0x0000000784800000, 0x0000000784800000| Complete 
|  73|0x0000000784900000, 0x0000000784a00000, 0x0000000784a00000|100%|HC|  |TAMS 0x0000000784900000, 0x0000000784900000| Complete 
|  74|0x0000000784a00000, 0x0000000784b00000, 0x0000000784b00000|100%|HC|  |TAMS 0x0000000784a00000, 0x0000000784a00000| Complete 
|  75|0x0000000784b00000, 0x0000000784c00000, 0x0000000784c00000|100%|HC|  |TAMS 0x0000000784b00000, 0x0000000784b00000| Complete 
|  76|0x0000000784c00000, 0x0000000784c0e200, 0x0000000784d00000|  5%| O|  |TAMS 0x0000000784c00000, 0x0000000784c00000| Untracked 
|  77|0x0000000784d00000, 0x0000000784d00000, 0x0000000784e00000|  0%| F|  |TAMS 0x0000000784d00000, 0x0000000784d00000| Untracked 
|  78|0x0000000784e00000, 0x0000000784e00000, 0x0000000784f00000|  0%| F|  |TAMS 0x0000000784e00000, 0x0000000784e00000| Untracked 
|  79|0x0000000784f00000, 0x0000000784f00000, 0x0000000785000000|  0%| F|  |TAMS 0x0000000784f00000, 0x0000000784f00000| Untracked 
|  80|0x0000000785000000, 0x0000000785000000, 0x0000000785100000|  0%| F|  |TAMS 0x0000000785000000, 0x0000000785000000| Untracked 
|  81|0x0000000785100000, 0x0000000785100000, 0x0000000785200000|  0%| F|  |TAMS 0x0000000785100000, 0x0000000785100000| Untracked 
|  82|0x0000000785200000, 0x0000000785200000, 0x0000000785300000|  0%| F|  |TAMS 0x0000000785200000, 0x0000000785200000| Untracked 
|  83|0x0000000785300000, 0x0000000785300000, 0x0000000785400000|  0%| F|  |TAMS 0x0000000785300000, 0x0000000785300000| Untracked 
|  84|0x0000000785400000, 0x0000000785400000, 0x0000000785500000|  0%| F|  |TAMS 0x0000000785400000, 0x0000000785400000| Untracked 
|  85|0x0000000785500000, 0x0000000785500000, 0x0000000785600000|  0%| F|  |TAMS 0x0000000785500000, 0x0000000785500000| Untracked 
|  86|0x0000000785600000, 0x0000000785600000, 0x0000000785700000|  0%| F|  |TAMS 0x0000000785600000, 0x0000000785600000| Untracked 
|  87|0x0000000785700000, 0x0000000785700000, 0x0000000785800000|  0%| F|  |TAMS 0x0000000785700000, 0x0000000785700000| Untracked 
|  88|0x0000000785800000, 0x0000000785800000, 0x0000000785900000|  0%| F|  |TAMS 0x0000000785800000, 0x0000000785800000| Untracked 
|  89|0x0000000785900000, 0x0000000785900000, 0x0000000785a00000|  0%| F|  |TAMS 0x0000000785900000, 0x0000000785900000| Untracked 
|  90|0x0000000785a00000, 0x0000000785a00000, 0x0000000785b00000|  0%| F|  |TAMS 0x0000000785a00000, 0x0000000785a00000| Untracked 
|  91|0x0000000785b00000, 0x0000000785b00000, 0x0000000785c00000|  0%| F|  |TAMS 0x0000000785b00000, 0x0000000785b00000| Untracked 
|  92|0x0000000785c00000, 0x0000000785c00000, 0x0000000785d00000|  0%| F|  |TAMS 0x0000000785c00000, 0x0000000785c00000| Untracked 
|  93|0x0000000785d00000, 0x0000000785d00000, 0x0000000785e00000|  0%| F|  |TAMS 0x0000000785d00000, 0x0000000785d00000| Untracked 
|  94|0x0000000785e00000, 0x0000000785e00000, 0x0000000785f00000|  0%| F|  |TAMS 0x0000000785e00000, 0x0000000785e00000| Untracked 
|  95|0x0000000785f00000, 0x0000000785f00000, 0x0000000786000000|  0%| F|  |TAMS 0x0000000785f00000, 0x0000000785f00000| Untracked 
|  96|0x0000000786000000, 0x0000000786000000, 0x0000000786100000|  0%| F|  |TAMS 0x0000000786000000, 0x0000000786000000| Untracked 
|  97|0x0000000786100000, 0x0000000786100000, 0x0000000786200000|  0%| F|  |TAMS 0x0000000786100000, 0x0000000786100000| Untracked 
|  98|0x0000000786200000, 0x0000000786200000, 0x0000000786300000|  0%| F|  |TAMS 0x0000000786200000, 0x0000000786200000| Untracked 
|  99|0x0000000786300000, 0x0000000786300000, 0x0000000786400000|  0%| F|  |TAMS 0x0000000786300000, 0x0000000786300000| Untracked 
| 100|0x0000000786400000, 0x0000000786400000, 0x0000000786500000|  0%| F|  |TAMS 0x0000000786400000, 0x0000000786400000| Untracked 
| 101|0x0000000786500000, 0x0000000786500000, 0x0000000786600000|  0%| F|  |TAMS 0x0000000786500000, 0x0000000786500000| Untracked 
| 102|0x0000000786600000, 0x0000000786600000, 0x0000000786700000|  0%| F|  |TAMS 0x0000000786600000, 0x0000000786600000| Untracked 
| 103|0x0000000786700000, 0x0000000786700000, 0x0000000786800000|  0%| F|  |TAMS 0x0000000786700000, 0x0000000786700000| Untracked 
| 104|0x0000000786800000, 0x0000000786800000, 0x0000000786900000|  0%| F|  |TAMS 0x0000000786800000, 0x0000000786800000| Untracked 
| 105|0x0000000786900000, 0x0000000786900000, 0x0000000786a00000|  0%| F|  |TAMS 0x0000000786900000, 0x0000000786900000| Untracked 
| 106|0x0000000786a00000, 0x0000000786a00000, 0x0000000786b00000|  0%| F|  |TAMS 0x0000000786a00000, 0x0000000786a00000| Untracked 
| 107|0x0000000786b00000, 0x0000000786b00000, 0x0000000786c00000|  0%| F|  |TAMS 0x0000000786b00000, 0x0000000786b00000| Untracked 
| 108|0x0000000786c00000, 0x0000000786c00000, 0x0000000786d00000|  0%| F|  |TAMS 0x0000000786c00000, 0x0000000786c00000| Untracked 
| 109|0x0000000786d00000, 0x0000000786d00000, 0x0000000786e00000|  0%| F|  |TAMS 0x0000000786d00000, 0x0000000786d00000| Untracked 
| 110|0x0000000786e00000, 0x0000000786e00000, 0x0000000786f00000|  0%| F|  |TAMS 0x0000000786e00000, 0x0000000786e00000| Untracked 
| 111|0x0000000786f00000, 0x0000000786f00000, 0x0000000787000000|  0%| F|  |TAMS 0x0000000786f00000, 0x0000000786f00000| Untracked 
| 112|0x0000000787000000, 0x0000000787000000, 0x0000000787100000|  0%| F|  |TAMS 0x0000000787000000, 0x0000000787000000| Untracked 
| 113|0x0000000787100000, 0x0000000787100000, 0x0000000787200000|  0%| F|  |TAMS 0x0000000787100000, 0x0000000787100000| Untracked 
| 114|0x0000000787200000, 0x0000000787200000, 0x0000000787300000|  0%| F|  |TAMS 0x0000000787200000, 0x0000000787200000| Untracked 
| 115|0x0000000787300000, 0x0000000787300000, 0x0000000787400000|  0%| F|  |TAMS 0x0000000787300000, 0x0000000787300000| Untracked 
| 116|0x0000000787400000, 0x0000000787400000, 0x0000000787500000|  0%| F|  |TAMS 0x0000000787400000, 0x0000000787400000| Untracked 
| 117|0x0000000787500000, 0x0000000787500000, 0x0000000787600000|  0%| F|  |TAMS 0x0000000787500000, 0x0000000787500000| Untracked 
| 118|0x0000000787600000, 0x0000000787600000, 0x0000000787700000|  0%| F|  |TAMS 0x0000000787600000, 0x0000000787600000| Untracked 
| 119|0x0000000787700000, 0x0000000787700000, 0x0000000787800000|  0%| F|  |TAMS 0x0000000787700000, 0x0000000787700000| Untracked 
| 120|0x0000000787800000, 0x0000000787800000, 0x0000000787900000|  0%| F|  |TAMS 0x0000000787800000, 0x0000000787800000| Untracked 
| 121|0x0000000787900000, 0x0000000787900000, 0x0000000787a00000|  0%| F|  |TAMS 0x0000000787900000, 0x0000000787900000| Untracked 
| 122|0x0000000787a00000, 0x0000000787a00000, 0x0000000787b00000|  0%| F|  |TAMS 0x0000000787a00000, 0x0000000787a00000| Untracked 
| 123|0x0000000787b00000, 0x0000000787b00000, 0x0000000787c00000|  0%| F|  |TAMS 0x0000000787b00000, 0x0000000787b00000| Untracked 
| 124|0x0000000787c00000, 0x0000000787d00000, 0x0000000787d00000|100%| S|CS|TAMS 0x0000000787c00000, 0x0000000787c00000| Complete 
| 125|0x0000000787d00000, 0x0000000787d00000, 0x0000000787e00000|  0%| F|  |TAMS 0x0000000787d00000, 0x0000000787d00000| Untracked 
| 126|0x0000000787e00000, 0x0000000787e00000, 0x0000000787f00000|  0%| F|  |TAMS 0x0000000787e00000, 0x0000000787e00000| Untracked 
| 127|0x0000000787f00000, 0x0000000787f00000, 0x0000000788000000|  0%| F|  |TAMS 0x0000000787f00000, 0x0000000787f00000| Untracked 
| 128|0x0000000788000000, 0x0000000788000000, 0x0000000788100000|  0%| F|  |TAMS 0x0000000788000000, 0x0000000788000000| Untracked 
| 129|0x0000000788100000, 0x0000000788100000, 0x0000000788200000|  0%| F|  |TAMS 0x0000000788100000, 0x0000000788100000| Untracked 
| 130|0x0000000788200000, 0x0000000788200000, 0x0000000788300000|  0%| F|  |TAMS 0x0000000788200000, 0x0000000788200000| Untracked 
| 131|0x0000000788300000, 0x0000000788342340, 0x0000000788400000| 25%| E|  |TAMS 0x0000000788300000, 0x0000000788300000| Complete 
|1022|0x00000007bfe00000, 0x00000007bfe48000, 0x00000007bff00000| 28%|OA|  |TAMS 0x00000007bfe48000, 0x00000007bfe00000| Untracked 
|1023|0x00000007bff00000, 0x00000007bff77000, 0x00000007c0000000| 46%|CA|  |TAMS 0x00000007bff77000, 0x00000007bff00000| Untracked 

Card table byte_map: [0x000000011b493000,0x000000011b893000] _byte_map_base: 0x0000000117893000

Marking Bits (Prev, Next): (CMBitMap*) 0x00007feb65804458, (CMBitMap*) 0x00007feb65804418
 Prev Bits: [0x000000011dc93000, 0x000000011fc93000)
 Next Bits: [0x000000011bc93000, 0x000000011dc93000)

Polling page: 0x00000001017f5000

Metaspace:

Usage:
  Non-class:     15.19 MB capacity,    15.02 MB ( 99%) used,   133.65 KB ( <1%) free+waste,    40.44 KB ( <1%) overhead. 
      Class:      2.19 MB capacity,     2.02 MB ( 92%) used,   148.51 KB (  7%) free+waste,    22.38 KB ( <1%) overhead. 
       Both:     17.37 MB capacity,    17.04 MB ( 98%) used,   282.16 KB (  2%) free+waste,    62.81 KB ( <1%) overhead. 

Virtual space:
  Non-class space:       16.00 MB reserved,      15.50 MB ( 97%) committed 
      Class space:        1.00 GB reserved,       2.25 MB ( <1%) committed 
             Both:        1.02 GB reserved,      17.75 MB (  2%) committed 

Chunk freelists:
   Non-Class:  133.00 KB
       Class:  50.00 KB
        Both:  183.00 KB

MaxMetaspaceSize: unlimited
CompressedClassSpaceSize: 1.00 GB

CodeHeap 'non-profiled nmethods': size=120032Kb used=1631Kb max_used=1631Kb free=118400Kb
 bounds [0x0000000113f5b000, 0x00000001141cb000, 0x000000011b493000]
CodeHeap 'profiled nmethods': size=120032Kb used=7969Kb max_used=7969Kb free=112062Kb
 bounds [0x000000010ca23000, 0x000000010d1f3000, 0x0000000113f5b000]
CodeHeap 'non-nmethods': size=5696Kb used=1412Kb max_used=1453Kb free=4283Kb
 bounds [0x000000010c493000, 0x000000010c703000, 0x000000010ca23000]
 total_blobs=5085 nmethods=3527 adapters=634
 compilation: enabled
              stopped_count=0, restarted_count=0
 full_count=0

Compilation events (20 events):
Event: 26213.403 Thread 0x00007feb668a2800 nmethod 3527 0x000000010d1e3b10 code [0x000000010d1e3d00, 0x000000010d1e42e8]
Event: 26213.403 Thread 0x00007feb66009000 nmethod 3526 0x00000001140f0390 code [0x00000001140f0520, 0x00000001140f0728]
Event: 26213.403 Thread 0x00007feb668a2800 3528       3       java.util.HashMap$HashIterator::<init> (79 bytes)
Event: 26213.404 Thread 0x00007feb668a2800 nmethod 3528 0x000000010d1e4490 code [0x000000010d1e4660, 0x000000010d1e4b10]
Event: 26213.405 Thread 0x00007feb66009000 3529       4       java.awt.Container::eventEnabled (49 bytes)
Event: 26213.407 Thread 0x00007feb66009000 nmethod 3529 0x00000001140f0890 code [0x00000001140f0a20, 0x00000001140f0b08]
Event: 26213.408 Thread 0x00007feb66009000 3530  s    4       sun.font.CCharToGlyphMapper$Cache::get (375 bytes)
Event: 26213.451 Thread 0x00007feb668a2800 3531       3       javax.swing.DefaultComboBoxModel::getElementAt (26 bytes)
Event: 26213.451 Thread 0x00007feb668a2800 nmethod 3531 0x000000010d1e4c90 code [0x000000010d1e4e40, 0x000000010d1e5388]
Event: 26213.467 Thread 0x00007feb668a2800 3532       3       com.apple.laf.AquaSpinnerUI$SpinPainter::paint (219 bytes)
Event: 26213.472 Thread 0x00007feb668a2800 nmethod 3532 0x000000010d1e5490 code [0x000000010d1e5820, 0x000000010d1e7a98]
Event: 26213.473 Thread 0x00007feb66009000 nmethod 3530 0x00000001140f0c90 code [0x00000001140f0ea0, 0x00000001140f2140]
Event: 26213.473 Thread 0x00007feb668a2800 3533       3       com.apple.laf.AquaUtilControlSize::applySizeForControl (27 bytes)
Event: 26213.474 Thread 0x00007feb668a2800 nmethod 3533 0x000000010d1e8590 code [0x000000010d1e8780, 0x000000010d1e8d38]
Event: 26213.474 Thread 0x00007feb668a2800 3534       3       com.apple.laf.AquaBorder::isFocused (84 bytes)
Event: 26213.477 Thread 0x00007feb668a2800 nmethod 3534 0x000000010d1e8f90 code [0x000000010d1e9240, 0x000000010d1ea808]
Event: 26213.477 Thread 0x00007feb668a2800 3535   !   3       java.awt.KeyboardFocusManager::getGlobalFocusOwner (20 bytes)
Event: 26213.478 Thread 0x00007feb668a2800 nmethod 3535 0x000000010d1eac10 code [0x000000010d1eae00, 0x000000010d1eb2e8]
Event: 26213.478 Thread 0x00007feb668a2800 3536       1       javax.swing.text.DefaultCaret::getMagicCaretPosition (5 bytes)
Event: 26213.478 Thread 0x00007feb668a2800 nmethod 3536 0x00000001140f2a10 code [0x00000001140f2ba0, 0x00000001140f2cd0]

GC Heap History (10 events):
Event: 16.363 GC heap before
{Heap before GC invocations=0 (full 0):
 garbage-first heap   total 133120K, used 15100K [0x0000000780000000, 0x0000000800000000)
  region size 1024K, 14 young (14336K), 0 survivors (0K)
 Metaspace       used 12941K, capacity 13245K, committed 13440K, reserved 1060864K
  class space    used 1691K, capacity 1838K, committed 1920K, reserved 1048576K
}
Event: 16.378 GC heap after
{Heap after GC invocations=1 (full 0):
 garbage-first heap   total 133120K, used 5873K [0x0000000780000000, 0x0000000800000000)
  region size 1024K, 2 young (2048K), 2 survivors (2048K)
 Metaspace       used 12941K, capacity 13245K, committed 13440K, reserved 1060864K
  class space    used 1691K, capacity 1838K, committed 1920K, reserved 1048576K
}
Event: 24.743 GC heap before
{Heap before GC invocations=1 (full 0):
 garbage-first heap   total 133120K, used 9969K [0x0000000780000000, 0x0000000800000000)
  region size 1024K, 6 young (6144K), 2 survivors (2048K)
 Metaspace       used 13626K, capacity 13939K, committed 14208K, reserved 1060864K
  class space    used 1730K, capacity 1877K, committed 1920K, reserved 1048576K
}
Event: 24.752 GC heap after
{Heap after GC invocations=2 (full 0):
 garbage-first heap   total 133120K, used 6747K [0x0000000780000000, 0x0000000800000000)
  region size 1024K, 1 young (1024K), 1 survivors (1024K)
 Metaspace       used 13626K, capacity 13939K, committed 14208K, reserved 1060864K
  class space    used 1730K, capacity 1877K, committed 1920K, reserved 1048576K
}
Event: 1008.791 GC heap before
{Heap before GC invocations=2 (full 0):
 garbage-first heap   total 133120K, used 27227K [0x0000000780000000, 0x0000000800000000)
  region size 1024K, 22 young (22528K), 1 survivors (1024K)
 Metaspace       used 17183K, capacity 17554K, committed 17920K, reserved 1064960K
  class space    used 2067K, capacity 2228K, committed 2304K, reserved 1048576K
}
Event: 1008.805 GC heap after
{Heap after GC invocations=3 (full 0):
 garbage-first heap   total 133120K, used 11059K [0x0000000780000000, 0x0000000800000000)
  region size 1024K, 3 young (3072K), 3 survivors (3072K)
 Metaspace       used 17183K, capacity 17554K, committed 17920K, reserved 1064960K
  class space    used 2067K, capacity 2228K, committed 2304K, reserved 1048576K
}
Event: 19881.177 GC heap before
{Heap before GC invocations=3 (full 0):
 garbage-first heap   total 133120K, used 55091K [0x0000000780000000, 0x0000000800000000)
  region size 1024K, 8 young (8192K), 3 survivors (3072K)
 Metaspace       used 17292K, capacity 17650K, committed 17920K, reserved 1064960K
  class space    used 2073K, capacity 2260K, committed 2304K, reserved 1048576K
}
Event: 19881.830 GC heap after
{Heap after GC invocations=4 (full 0):
 garbage-first heap   total 133120K, used 51461K [0x0000000780000000, 0x0000000800000000)
  region size 1024K, 1 young (1024K), 1 survivors (1024K)
 Metaspace       used 17292K, capacity 17650K, committed 17920K, reserved 1064960K
  class space    used 2073K, capacity 2260K, committed 2304K, reserved 1048576K
}
Event: 26214.036 GC heap before
{Heap before GC invocations=5 (full 0):
 garbage-first heap   total 137216K, used 84229K [0x0000000780000000, 0x0000000800000000)
  region size 1024K, 8 young (8192K), 1 survivors (1024K)
 Metaspace       used 17444K, capacity 17789K, committed 18176K, reserved 1064960K
  class space    used 2067K, capacity 2238K, committed 2304K, reserved 1048576K
}
Event: 26214.068 GC heap after
{Heap after GC invocations=6 (full 0):
 garbage-first heap   total 137216K, used 39732K [0x0000000780000000, 0x0000000800000000)
  region size 1024K, 1 young (1024K), 1 survivors (1024K)
 Metaspace       used 17444K, capacity 17789K, committed 18176K, reserved 1064960K
  class space    used 2067K, capacity 2238K, committed 2304K, reserved 1048576K
}

Deoptimization events (20 events):
Event: 26203.407 Thread 0x00007feb66b33000 Uncommon trap: trap_request=0xffffff45 fr.pc=0x000000011403acc0 relative=0x00000000000036a0
Event: 26203.407 Thread 0x00007feb66b33000 Uncommon trap: reason=unstable_if action=reinterpret pc=0x000000011403acc0 method=java.awt.font.FontRenderContext.equals(Ljava/awt/font/FontRenderContext;)Z @ 53 c2
Event: 26203.408 Thread 0x00007feb66b33000 DEOPT PACKING pc=0x000000011403acc0 sp=0x000070000deffac0
Event: 26203.408 Thread 0x00007feb66b33000 DEOPT UNPACKING pc=0x000000010c4dbe25 sp=0x000070000deff918 mode 2
Event: 26203.410 Thread 0x00007feb66b33000 Uncommon trap: trap_request=0xffffff45 fr.pc=0x0000000114029580 relative=0x0000000000000260
Event: 26203.410 Thread 0x00007feb66b33000 Uncommon trap: reason=unstable_if action=reinterpret pc=0x0000000114029580 method=java.awt.font.FontRenderContext.equals(Ljava/awt/font/FontRenderContext;)Z @ 53 c2
Event: 26203.410 Thread 0x00007feb66b33000 DEOPT PACKING pc=0x0000000114029580 sp=0x000070000deff920
Event: 26203.410 Thread 0x00007feb66b33000 DEOPT UNPACKING pc=0x000000010c4dbe25 sp=0x000070000deff8e0 mode 2
Event: 26207.162 Thread 0x00007feb66b33000 Uncommon trap: trap_request=0xffffff45 fr.pc=0x0000000114073d4c relative=0x000000000000088c
Event: 26207.162 Thread 0x00007feb66b33000 Uncommon trap: reason=unstable_if action=reinterpret pc=0x0000000114073d4c method=java.awt.EventQueue.dispatchEventImpl(Ljava/awt/AWTEvent;Ljava/lang/Object;)V @ 33 c2
Event: 26207.162 Thread 0x00007feb66b33000 DEOPT PACKING pc=0x0000000114073d4c sp=0x000070000df01760
Event: 26207.162 Thread 0x00007feb66b33000 DEOPT UNPACKING pc=0x000000010c4dbe25 sp=0x000070000df016c8 mode 2
Event: 26207.512 Thread 0x00007feb66b33000 Uncommon trap: trap_request=0xffffff45 fr.pc=0x0000000113fcf734 relative=0x00000000000025f4
Event: 26207.514 Thread 0x00007feb66b33000 Uncommon trap: reason=unstable_if action=reinterpret pc=0x0000000113fcf734 method=java.lang.ref.ReferenceQueue.poll()Ljava/lang/ref/Reference; @ 4 c2
Event: 26207.515 Thread 0x00007feb66b33000 DEOPT PACKING pc=0x0000000113fcf734 sp=0x000070000deff1a0
Event: 26207.516 Thread 0x00007feb66b33000 DEOPT UNPACKING pc=0x000000010c4dbe25 sp=0x000070000deff030 mode 2
Event: 26207.808 Thread 0x00007feb66b33000 Uncommon trap: trap_request=0xffffff45 fr.pc=0x0000000113fd31f8 relative=0x00000000000005f8
Event: 26207.808 Thread 0x00007feb66b33000 Uncommon trap: reason=unstable_if action=reinterpret pc=0x0000000113fd31f8 method=java.lang.ref.ReferenceQueue.poll()Ljava/lang/ref/Reference; @ 4 c2
Event: 26207.808 Thread 0x00007feb66b33000 DEOPT PACKING pc=0x0000000113fd31f8 sp=0x000070000defe120
Event: 26207.808 Thread 0x00007feb66b33000 DEOPT UNPACKING pc=0x000000010c4dbe25 sp=0x000070000defe008 mode 2

Classes unloaded (20 events):
Event: 19882.150 Thread 0x00007feb66007800 Unloading class 0x0000000800b77840 'java/lang/invoke/LambdaForm$MH'
Event: 19882.150 Thread 0x00007feb66007800 Unloading class 0x0000000800b66440 'java/lang/invoke/LambdaForm$MH'
Event: 19882.150 Thread 0x00007feb66007800 Unloading class 0x0000000800b66040 'java/lang/invoke/LambdaForm$MH'
Event: 19882.150 Thread 0x00007feb66007800 Unloading class 0x0000000800b65840 'java/lang/invoke/LambdaForm$MH'
Event: 19882.150 Thread 0x00007feb66007800 Unloading class 0x0000000800b65440 'java/lang/invoke/LambdaForm$MH'
Event: 19882.159 Thread 0x00007feb66007800 Unloading class 0x0000000800b63840 'java/lang/invoke/LambdaForm$MH'
Event: 19882.159 Thread 0x00007feb66007800 Unloading class 0x0000000800b63440 'java/lang/invoke/LambdaForm$MH'
Event: 19882.159 Thread 0x00007feb66007800 Unloading class 0x0000000800b63040 'java/lang/invoke/LambdaForm$MH'
Event: 19882.160 Thread 0x00007feb66007800 Unloading class 0x0000000800b62c40 'java/lang/invoke/LambdaForm$MH'
Event: 19882.160 Thread 0x00007feb66007800 Unloading class 0x0000000800b62840 'java/lang/invoke/LambdaForm$MH'
Event: 19882.160 Thread 0x00007feb66007800 Unloading class 0x0000000800b62440 'java/lang/invoke/LambdaForm$MH'
Event: 19882.160 Thread 0x00007feb66007800 Unloading class 0x0000000800b62040 'java/lang/invoke/LambdaForm$MH'
Event: 19882.160 Thread 0x00007feb66007800 Unloading class 0x0000000800b61c40 'java/lang/invoke/LambdaForm$MH'
Event: 19882.160 Thread 0x00007feb66007800 Unloading class 0x0000000800b61440 'java/lang/invoke/LambdaForm$MH'
Event: 19882.160 Thread 0x00007feb66007800 Unloading class 0x0000000800b60c40 'java/lang/invoke/LambdaForm$MH'
Event: 19882.160 Thread 0x00007feb66007800 Unloading class 0x0000000800b60840 'java/lang/invoke/LambdaForm$MH'
Event: 19882.161 Thread 0x00007feb66007800 Unloading class 0x0000000800b60440 'java/lang/invoke/LambdaForm$MH'
Event: 19882.161 Thread 0x00007feb66007800 Unloading class 0x0000000800b60040 'java/lang/invoke/LambdaForm$MH'
Event: 19882.161 Thread 0x00007feb66007800 Unloading class 0x0000000800b56040 'java/lang/invoke/LambdaForm$MH'
Event: 19882.161 Thread 0x00007feb66007800 Unloading class 0x0000000800b56c40 'java/lang/invoke/LambdaForm$MH'

Classes redefined (0 events):
No events

Internal exceptions (20 events):
Event: 1.430 Thread 0x00007feb66b33000 Exception <a 'java/lang/NoSuchMethodError'{0x0000000787c5f040}: 'java.lang.Object java.lang.invoke.DirectMethodHandle$Holder.invokeSpecial(java.lang.Object, java.lang.Object, int, java.lang.Object, java.lang.Object, java.lang.Object)'> (0x0000000787c5f040) 
thrown [/private/tmp/openjdk-20191105-72540-1g1seg2/jdk13u-jdk-13.0.1+9/src/hotspot/share/interpreter/linkResolver.cpp, line 767]
Event: 1.445 Thread 0x00007feb66b33000 Exception <a 'java/lang/ClassNotFoundException'{0x0000000787c9f168}: com/apple/laf/resources/spi/aquaProvider> (0x0000000787c9f168) 
thrown [/private/tmp/openjdk-20191105-72540-1g1seg2/jdk13u-jdk-13.0.1+9/src/hotspot/share/classfile/systemDictionary.cpp, line 232]
Event: 1.486 Thread 0x00007feb66b33000 Exception <a 'java/lang/ClassNotFoundException'{0x0000000787b02b30}: com/sun/swing/internal/plaf/basic/resources/spi/basicProvider> (0x0000000787b02b30) 
thrown [/private/tmp/openjdk-20191105-72540-1g1seg2/jdk13u-jdk-13.0.1+9/src/hotspot/share/classfile/systemDictionary.cpp, line 232]
Event: 4.977 Thread 0x00007feb66b33000 Exception <a 'java/lang/NoSuchMethodError'{0x000000078789d7f0}: 'void java.lang.invoke.DirectMethodHandle$Holder.invokeStatic(java.lang.Object, java.lang.Object, long)'> (0x000000078789d7f0) 
thrown [/private/tmp/openjdk-20191105-72540-1g1seg2/jdk13u-jdk-13.0.1+9/src/hotspot/share/interpreter/linkResolver.cpp, line 767]
Event: 4.986 Thread 0x00007feb66b33000 Exception <a 'java/lang/NoSuchMethodError'{0x00000007878adbc0}: 'java.lang.Object java.lang.invoke.DirectMethodHandle$Holder.invokeStatic(java.lang.Object, java.lang.Object, int, int)'> (0x00000007878adbc0) 
thrown [/private/tmp/openjdk-20191105-72540-1g1seg2/jdk13u-jdk-13.0.1+9/src/hotspot/share/interpreter/linkResolver.cpp, line 767]
Event: 4.987 Thread 0x00007feb66b33000 Exception <a 'java/lang/NoSuchMethodError'{0x00000007878b3e90}: 'java.lang.Object java.lang.invoke.Invokers$Holder.linkToTargetMethod(java.lang.Object, int, int, java.lang.Object)'> (0x00000007878b3e90) 
thrown [/private/tmp/openjdk-20191105-72540-1g1seg2/jdk13u-jdk-13.0.1+9/src/hotspot/share/interpreter/linkResolver.cpp, line 767]
Event: 5.044 Thread 0x00007feb66b33000 Exception <a 'java/lang/NoSuchMethodError'{0x000000078770f280}: 'java.lang.Object java.lang.invoke.Invokers$Holder.linkToTargetMethod(java.lang.Object, java.lang.Object, int, java.lang.Object, java.lang.Object)'> (0x000000078770f280) 
thrown [/private/tmp/openjdk-20191105-72540-1g1seg2/jdk13u-jdk-13.0.1+9/src/hotspot/share/interpreter/linkResolver.cpp, line 767]
Event: 5.078 Thread 0x00007feb66b33000 Exception <a 'java/lang/NoSuchMethodError'{0x00000007877129c0}: 'void java.lang.invoke.DirectMethodHandle$Holder.invokeStatic(java.lang.Object, int, long)'> (0x00000007877129c0) 
thrown [/private/tmp/openjdk-20191105-72540-1g1seg2/jdk13u-jdk-13.0.1+9/src/hotspot/share/interpreter/linkResolver.cpp, line 767]
Event: 5.080 Thread 0x00007feb66b33000 Exception <a 'java/lang/NoSuchMethodError'{0x0000000787719f68}: 'void java.lang.invoke.DirectMethodHandle$Holder.invokeSpecial(java.lang.Object, java.lang.Object)'> (0x0000000787719f68) 
thrown [/private/tmp/openjdk-20191105-72540-1g1seg2/jdk13u-jdk-13.0.1+9/src/hotspot/share/interpreter/linkResolver.cpp, line 767]
Event: 5.084 Thread 0x00007feb66b33000 Exception <a 'java/lang/NoSuchMethodError'{0x000000078772a5e8}: 'java.lang.Object java.lang.invoke.Invokers$Holder.linkToTargetMethod(int, int, int, int, java.lang.Object)'> (0x000000078772a5e8) 
thrown [/private/tmp/openjdk-20191105-72540-1g1seg2/jdk13u-jdk-13.0.1+9/src/hotspot/share/interpreter/linkResolver.cpp, line 767]
Event: 5.103 Thread 0x00007feb6584c000 Exception <a 'java/lang/NoSuchMethodError'{0x0000000787df7c50}: 'void java.lang.invoke.DirectMethodHandle$Holder.invokeSpecial(java.lang.Object, java.lang.Object, long)'> (0x0000000787df7c50) 
thrown [/private/tmp/openjdk-20191105-72540-1g1seg2/jdk13u-jdk-13.0.1+9/src/hotspot/share/interpreter/linkResolver.cpp, line 767]
Event: 5.186 Thread 0x00007feb66b33000 Exception <a 'java/lang/NoSuchMethodError'{0x000000078779cdd8}: 'void java.lang.invoke.DirectMethodHandle$Holder.invokeSpecial(java.lang.Object, java.lang.Object, java.lang.Object, long)'> (0x000000078779cdd8) 
thrown [/private/tmp/openjdk-20191105-72540-1g1seg2/jdk13u-jdk-13.0.1+9/src/hotspot/share/interpreter/linkResolver.cpp, line 767]
Event: 5.208 Thread 0x00007feb66b33000 Exception <a 'java/lang/NoSuchMethodError'{0x00000007877c05d0}: 'void java.lang.invoke.DirectMethodHandle$Holder.invokeStatic(java.lang.Object, long, long)'> (0x00000007877c05d0) 
thrown [/private/tmp/openjdk-20191105-72540-1g1seg2/jdk13u-jdk-13.0.1+9/src/hotspot/share/interpreter/linkResolver.cpp, line 767]
Event: 5.270 Thread 0x00007feb6584c000 Exception <a 'java/lang/NoSuchMethodError'{0x000000078774c578}: 'void java.lang.invoke.DirectMethodHandle$Holder.invokeStatic(java.lang.Object, long)'> (0x000000078774c578) 
thrown [/private/tmp/openjdk-20191105-72540-1g1seg2/jdk13u-jdk-13.0.1+9/src/hotspot/share/interpreter/linkResolver.cpp, line 767]
Event: 5.272 Thread 0x00007feb66b33000 Exception <a 'java/lang/NoSuchMethodError'{0x00000007877e5a18}: 'java.lang.Object java.lang.invoke.Invokers$Holder.linkToTargetMethod(java.lang.Object, int, java.lang.Object)'> (0x00000007877e5a18) 
thrown [/private/tmp/openjdk-20191105-72540-1g1seg2/jdk13u-jdk-13.0.1+9/src/hotspot/share/interpreter/linkResolver.cpp, line 767]
Event: 16.178 Thread 0x00007feb66b33000 Exception <a 'java/lang/NullPointerException'{0x0000000787444c68}> (0x0000000787444c68) 
thrown [/private/tmp/openjdk-20191105-72540-1g1seg2/jdk13u-jdk-13.0.1+9/src/hotspot/share/prims/jni.cpp, line 619]
Event: 16.332 Thread 0x00007feb66b33000 Exception <a 'java/lang/NoSuchMethodError'{0x00000007872b0608}: 'java.lang.Object java.lang.invoke.DirectMethodHandle$Holder.invokeStatic(java.lang.Object, java.lang.Object, int, int, int, int)'> (0x00000007872b0608) 
thrown [/private/tmp/openjdk-20191105-72540-1g1seg2/jdk13u-jdk-13.0.1+9/src/hotspot/share/interpreter/linkResolver.cpp, line 767]
Event: 972.563 Thread 0x00007feb66b33000 Implicit null exception at 0x0000000114043269 to 0x0000000114048006
Event: 26203.407 Thread 0x00007feb66b33000 Implicit null exception at 0x0000000114037ddd to 0x000000011403ac92
Event: 26203.408 Thread 0x00007feb66b33000 Implicit null exception at 0x00000001140293b6 to 0x000000011402956a

Events (20 events):
Event: 26207.903 Executing VM operation: BulkRevokeBias
Event: 26207.903 Executing VM operation: BulkRevokeBias done
Event: 26207.961 Executing VM operation: BulkRevokeBias
Event: 26207.965 Executing VM operation: BulkRevokeBias done
Event: 26207.972 loading class javax/swing/JTable$AccessibleJTable
Event: 26207.991 loading class javax/accessibility/AccessibleExtendedTable
Event: 26207.991 loading class javax/accessibility/AccessibleTable
Event: 26207.991 loading class javax/accessibility/AccessibleTable done
Event: 26207.991 loading class javax/accessibility/AccessibleExtendedTable done
Event: 26207.992 loading class javax/swing/JTable$AccessibleJTable done
Event: 26210.373 loading class javax/swing/JTable$AccessibleJTable$AccessibleJTableCell
Event: 26210.375 loading class javax/swing/JTable$AccessibleJTable$AccessibleJTableCell done
Event: 26213.339 Thread 0x00007feb65ba5000 Thread added: 0x00007feb65ba5000
Event: 26213.339 Protecting memory [0x000070000e61a000,0x000070000e61e000] with protection modes 0
Event: 26213.352 Executing VM operation: RevokeBias
Event: 26213.352 Executing VM operation: RevokeBias done
Event: 26213.352 Protecting memory [0x000070000e61a000,0x000070000e61e000] with protection modes 3
Event: 26213.353 Thread 0x00007feb65ba5000 Thread exited: 0x00007feb65ba5000
Event: 26214.035 Executing VM operation: G1CollectForAllocation
Event: 26214.068 Executing VM operation: G1CollectForAllocation done


Dynamic libraries:
0x00007fff6e42b000 	/usr/lib/libz.1.dylib
0x0000000101759000 	/usr/local/Cellar/openjdk/13.0.1+9/libexec/openjdk.jdk/Contents/Home/lib/libjli.dylib
0x00007fff36e29000 	/System/Library/Frameworks/Cocoa.framework/Versions/A/Cocoa
0x00007fff443d0000 	/System/Library/Frameworks/Security.framework/Versions/A/Security
0x00007fff35dcf000 	/System/Library/Frameworks/ApplicationServices.framework/Versions/A/ApplicationServices
0x00007fff6bf33000 	/usr/lib/libSystem.B.dylib
0x00007fff6eea2000 	/usr/lib/system/libcache.dylib
0x00007fff6eea8000 	/usr/lib/system/libcommonCrypto.dylib
0x00007fff6eeb4000 	/usr/lib/system/libcompiler_rt.dylib
0x00007fff6eebc000 	/usr/lib/system/libcopyfile.dylib
0x00007fff6eec6000 	/usr/lib/system/libcorecrypto.dylib
0x00007fff6f074000 	/usr/lib/system/libdispatch.dylib
0x00007fff6f0b6000 	/usr/lib/system/libdyld.dylib
0x00007fff6f0ec000 	/usr/lib/system/libkeymgr.dylib
0x00007fff6f0fa000 	/usr/lib/system/liblaunch.dylib
0x00007fff6f0fb000 	/usr/lib/system/libmacho.dylib
0x00007fff6f101000 	/usr/lib/system/libquarantine.dylib
0x00007fff6f104000 	/usr/lib/system/libremovefile.dylib
0x00007fff6f106000 	/usr/lib/system/libsystem_asl.dylib
0x00007fff6f11e000 	/usr/lib/system/libsystem_blocks.dylib
0x00007fff6f11f000 	/usr/lib/system/libsystem_c.dylib
0x00007fff6f1a7000 	/usr/lib/system/libsystem_configuration.dylib
0x00007fff6f1ab000 	/usr/lib/system/libsystem_coreservices.dylib
0x00007fff6f1af000 	/usr/lib/system/libsystem_darwin.dylib
0x00007fff6f1b7000 	/usr/lib/system/libsystem_dnssd.dylib
0x00007fff6f1bf000 	/usr/lib/system/libsystem_featureflags.dylib
0x00007fff6f1c1000 	/usr/lib/system/libsystem_info.dylib
0x00007fff6f23c000 	/usr/lib/system/libsystem_m.dylib
0x00007fff6f284000 	/usr/lib/system/libsystem_malloc.dylib
0x00007fff6f2ac000 	/usr/lib/system/libsystem_networkextension.dylib
0x00007fff6f2ba000 	/usr/lib/system/libsystem_notify.dylib
0x00007fff6f2d9000 	/usr/lib/system/libsystem_sandbox.dylib
0x00007fff6f2de000 	/usr/lib/system/libsystem_secinit.dylib
0x00007fff6f20f000 	/usr/lib/system/libsystem_kernel.dylib
0x00007fff6f2c4000 	/usr/lib/system/libsystem_platform.dylib
0x00007fff6f2ce000 	/usr/lib/system/libsystem_pthread.dylib
0x00007fff6f2e1000 	/usr/lib/system/libsystem_symptoms.dylib
0x00007fff6f2e9000 	/usr/lib/system/libsystem_trace.dylib
0x00007fff6f301000 	/usr/lib/system/libunwind.dylib
0x00007fff6f307000 	/usr/lib/system/libxpc.dylib
0x00007fff6dd56000 	/usr/lib/libobjc.A.dylib
0x00007fff6c265000 	/usr/lib/libc++abi.dylib
0x00007fff6c211000 	/usr/lib/libc++.1.dylib
0x00007fff37d8e000 	/System/Library/Frameworks/CoreFoundation.framework/Versions/A/CoreFoundation
0x00007fff3a449000 	/System/Library/Frameworks/Foundation.framework/Versions/C/Foundation
0x00007fff34fd3000 	/System/Library/Frameworks/AppKit.framework/Versions/C/AppKit
0x00007fff378a8000 	/System/Library/Frameworks/CoreData.framework/Versions/A/CoreData
0x00007fff687e4000 	/System/Library/PrivateFrameworks/UIFoundation.framework/Versions/A/UIFoundation
0x00007fff63084000 	/System/Library/PrivateFrameworks/RemoteViewServices.framework/Versions/A/RemoteViewServices
0x00007fff6b264000 	/System/Library/PrivateFrameworks/XCTTargetBootstrap.framework/Versions/A/XCTTargetBootstrap
0x00007fff37c83000 	/System/Library/Frameworks/CoreDisplay.framework/Versions/A/CoreDisplay
0x00007fff3d181000 	/System/Library/Frameworks/Metal.framework/Versions/A/Metal
0x00007fff515f1000 	/System/Library/PrivateFrameworks/DesktopServicesPriv.framework/Versions/A/DesktopServicesPriv
0x00007fff6d04e000 	/usr/lib/liblangid.dylib
0x00007fff5074d000 	/System/Library/PrivateFrameworks/CoreSVG.framework/Versions/A/CoreSVG
0x00007fff65db4000 	/System/Library/PrivateFrameworks/SkyLight.framework/Versions/A/SkyLight
0x00007fff3820f000 	/System/Library/Frameworks/CoreGraphics.framework/Versions/A/CoreGraphics
0x00007fff33b74000 	/System/Library/Frameworks/Accelerate.framework/Versions/A/Accelerate
0x00007fff6e31c000 	/usr/lib/libxml2.2.dylib
0x00007fff5c1bc000 	/System/Library/PrivateFrameworks/IconServices.framework/Versions/A/IconServices
0x00007fff3ac07000 	/System/Library/Frameworks/IOSurface.framework/Versions/A/IOSurface
0x00007fff6ba6c000 	/usr/lib/libDiagnosticMessagesClient.dylib
0x00007fff5146b000 	/System/Library/PrivateFrameworks/DFRFoundation.framework/Versions/A/DFRFoundation
0x00007fff6cddc000 	/usr/lib/libicucore.A.dylib
0x00007fff36101000 	/System/Library/Frameworks/AudioToolbox.framework/Versions/A/AudioToolbox
0x00007fff361e3000 	/System/Library/Frameworks/AudioUnit.framework/Versions/A/AudioUnit
0x00007fff6c135000 	/usr/lib/libauto.dylib
0x00007fff514eb000 	/System/Library/PrivateFrameworks/DataDetectorsCore.framework/Versions/A/DataDetectorsCore
0x00007fff3694a000 	/System/Library/Frameworks/Carbon.framework/Versions/A/Frameworks/HIToolbox.framework/Versions/A/HIToolbox
0x00007fff435c8000 	/System/Library/Frameworks/QuartzCore.framework/Versions/A/QuartzCore
0x00007fff36c89000 	/System/Library/Frameworks/Carbon.framework/Versions/A/Frameworks/SpeechRecognition.framework/Versions/A/SpeechRecognition
0x00007fff50ded000 	/System/Library/PrivateFrameworks/CoreUI.framework/Versions/A/CoreUI
0x00007fff3730e000 	/System/Library/Frameworks/CoreAudio.framework/Versions/A/CoreAudio
0x00007fff3a116000 	/System/Library/Frameworks/DiskArbitration.framework/Versions/A/DiskArbitration
0x00007fff5e2a2000 	/System/Library/PrivateFrameworks/MultitouchSupport.framework/Versions/A/MultitouchSupport
0x00007fff6cca7000 	/usr/lib/libenergytrace.dylib
0x00007fff3ab62000 	/System/Library/Frameworks/IOKit.framework/Versions/A/IOKit
0x00007fff39175000 	/System/Library/Frameworks/CoreServices.framework/Versions/A/CoreServices
0x00007fff602f7000 	/System/Library/PrivateFrameworks/PerformanceAnalysis.framework/Versions/A/PerformanceAnalysis
0x00007fff42600000 	/System/Library/Frameworks/OpenGL.framework/Versions/A/OpenGL
0x00007fff36e37000 	/System/Library/Frameworks/ColorSync.framework/Versions/A/ColorSync
0x00007fff38896000 	/System/Library/Frameworks/CoreImage.framework/Versions/A/CoreImage
0x00007fff39be9000 	/System/Library/Frameworks/CoreText.framework/Versions/A/CoreText
0x00007fff3ac8a000 	/System/Library/Frameworks/ImageIO.framework/Versions/A/ImageIO
0x00007fff6c28d000 	/usr/lib/libcompression.dylib
0x00007fff6bdad000 	/usr/lib/libMobileGestalt.dylib
0x00007fff678d7000 	/System/Library/PrivateFrameworks/TextureIO.framework/Versions/A/TextureIO
0x00007fff6c09b000 	/usr/lib/libate.dylib
0x00007fff5c3c2000 	/System/Library/PrivateFrameworks/InternationalSupport.framework/Versions/A/InternationalSupport
0x00007fff6d050000 	/usr/lib/liblzma.5.dylib
0x00007fff6cccf000 	/usr/lib/libfakelink.dylib
0x00007fff6c028000 	/usr/lib/libarchive.2.dylib
0x00007fff455e4000 	/System/Library/Frameworks/SystemConfiguration.framework/Versions/A/SystemConfiguration
0x00007fff6b99d000 	/usr/lib/libCRFSuite.dylib
0x00007fff36559000 	/System/Library/Frameworks/CFNetwork.framework/Versions/A/CFNetwork
0x00007fff6c1f3000 	/usr/lib/libbsm.0.dylib
0x00007fff6f0ed000 	/usr/lib/system/libkxld.dylib
0x00007fff4afea000 	/System/Library/PrivateFrameworks/AppleFSCompression.framework/Versions/A/AppleFSCompression
0x00007fff6c566000 	/usr/lib/libcoretls.dylib
0x00007fff6c57d000 	/usr/lib/libcoretls_cfhelpers.dylib
0x00007fff6dd9a000 	/usr/lib/libpam.2.dylib
0x00007fff6dec9000 	/usr/lib/libsqlite3.dylib
0x00007fff6e309000 	/usr/lib/libxar.1.dylib
0x00007fff6c204000 	/usr/lib/libbz2.1.0.dylib
0x00007fff6cceb000 	/usr/lib/libiconv.2.dylib
0x00007fff6c27a000 	/usr/lib/libcharset.1.dylib
0x00007fff6d846000 	/usr/lib/libnetwork.dylib
0x00007fff6dda1000 	/usr/lib/libpcap.A.dylib
0x00007fff6bfdd000 	/usr/lib/libapple_nghttp2.dylib
0x00007fff3952c000 	/System/Library/Frameworks/CoreServices.framework/Versions/A/Frameworks/FSEvents.framework/Versions/A/FSEvents
0x00007fff391fc000 	/System/Library/Frameworks/CoreServices.framework/Versions/A/Frameworks/CarbonCore.framework/Versions/A/CarbonCore
0x00007fff3976e000 	/System/Library/Frameworks/CoreServices.framework/Versions/A/Frameworks/Metadata.framework/Versions/A/Metadata
0x00007fff39807000 	/System/Library/Frameworks/CoreServices.framework/Versions/A/Frameworks/OSServices.framework/Versions/A/OSServices
0x00007fff39835000 	/System/Library/Frameworks/CoreServices.framework/Versions/A/Frameworks/SearchKit.framework/Versions/A/SearchKit
0x00007fff39176000 	/System/Library/Frameworks/CoreServices.framework/Versions/A/Frameworks/AE.framework/Versions/A/AE
0x00007fff39535000 	/System/Library/Frameworks/CoreServices.framework/Versions/A/Frameworks/LaunchServices.framework/Versions/A/LaunchServices
0x00007fff394de000 	/System/Library/Frameworks/CoreServices.framework/Versions/A/Frameworks/DictionaryServices.framework/Versions/A/DictionaryServices
0x00007fff3989d000 	/System/Library/Frameworks/CoreServices.framework/Versions/A/Frameworks/SharedFileList.framework/Versions/A/SharedFileList
0x00007fff3e456000 	/System/Library/Frameworks/NetFS.framework/Versions/A/NetFS
0x00007fff5e742000 	/System/Library/PrivateFrameworks/NetAuth.framework/Versions/A/NetAuth
0x00007fff6b62d000 	/System/Library/PrivateFrameworks/login.framework/Versions/A/Frameworks/loginsupport.framework/Versions/A/loginsupport
0x00007fff673dd000 	/System/Library/PrivateFrameworks/TCC.framework/Versions/A/TCC
0x00007fff4fb2b000 	/System/Library/PrivateFrameworks/CoreNLP.framework/Versions/A/CoreNLP
0x00007fff5dcd3000 	/System/Library/PrivateFrameworks/MetadataUtilities.framework/Versions/A/MetadataUtilities
0x00007fff6d128000 	/usr/lib/libmecabra.dylib
0x00007fff6d080000 	/usr/lib/libmecab.dylib
0x00007fff6cce0000 	/usr/lib/libgermantok.dylib
0x00007fff6bfc4000 	/usr/lib/libThaiTokenizer.dylib
0x00007fff6b9d5000 	/usr/lib/libChineseTokenizer.dylib
0x00007fff33b8c000 	/System/Library/Frameworks/Accelerate.framework/Versions/A/Frameworks/vImage.framework/Versions/A/vImage
0x00007fff34e2e000 	/System/Library/Frameworks/Accelerate.framework/Versions/A/Frameworks/vecLib.framework/Versions/A/vecLib
0x00007fff34d72000 	/System/Library/Frameworks/Accelerate.framework/Versions/A/Frameworks/vecLib.framework/Versions/A/libvMisc.dylib
0x00007fff34b98000 	/System/Library/Frameworks/Accelerate.framework/Versions/A/Frameworks/vecLib.framework/Versions/A/libvDSP.dylib
0x00007fff341f8000 	/System/Library/Frameworks/Accelerate.framework/Versions/A/Frameworks/vecLib.framework/Versions/A/libBLAS.dylib
0x00007fff34752000 	/System/Library/Frameworks/Accelerate.framework/Versions/A/Frameworks/vecLib.framework/Versions/A/libLAPACK.dylib
0x00007fff34af8000 	/System/Library/Frameworks/Accelerate.framework/Versions/A/Frameworks/vecLib.framework/Versions/A/libLinearAlgebra.dylib
0x00007fff34b85000 	/System/Library/Frameworks/Accelerate.framework/Versions/A/Frameworks/vecLib.framework/Versions/A/libSparseBLAS.dylib
0x00007fff34b0e000 	/System/Library/Frameworks/Accelerate.framework/Versions/A/Frameworks/vecLib.framework/Versions/A/libQuadrature.dylib
0x00007fff34461000 	/System/Library/Frameworks/Accelerate.framework/Versions/A/Frameworks/vecLib.framework/Versions/A/libBNNS.dylib
0x00007fff34b14000 	/System/Library/Frameworks/Accelerate.framework/Versions/A/Frameworks/vecLib.framework/Versions/A/libSparse.dylib
0x00007fff5c781000 	/System/Library/PrivateFrameworks/LanguageModeling.framework/Versions/A/LanguageModeling
0x00007fff4f4cf000 	/System/Library/PrivateFrameworks/CoreEmoji.framework/Versions/A/CoreEmoji
0x00007fff5c89e000 	/System/Library/PrivateFrameworks/LinguisticData.framework/Versions/A/LinguisticData
0x00007fff5c84f000 	/System/Library/PrivateFrameworks/Lexicon.framework/Versions/A/Lexicon
0x00007fff6c27b000 	/usr/lib/libcmph.dylib
0x00007fff41026000 	/System/Library/Frameworks/OpenDirectory.framework/Versions/A/Frameworks/CFOpenDirectory.framework/Versions/A/CFOpenDirectory
0x00007fff41043000 	/System/Library/Frameworks/OpenDirectory.framework/Versions/A/OpenDirectory
0x00007fff493a2000 	/System/Library/PrivateFrameworks/APFS.framework/Versions/A/APFS
0x00007fff44715000 	/System/Library/Frameworks/SecurityFoundation.framework/Versions/A/SecurityFoundation
0x00007fff6e305000 	/usr/lib/libutil.dylib
0x00007fff507a5000 	/System/Library/PrivateFrameworks/CoreServicesStore.framework/Versions/A/CoreServicesStore
0x00007fff447f6000 	/System/Library/Frameworks/ServiceManagement.framework/Versions/A/ServiceManagement
0x00007fff4c785000 	/System/Library/PrivateFrameworks/BackgroundTaskManagement.framework/Versions/A/BackgroundTaskManagement
0x00007fff6e402000 	/usr/lib/libxslt.1.dylib
0x00007fff4b648000 	/System/Library/PrivateFrameworks/AppleSystemInfo.framework/Versions/A/AppleSystemInfo
0x00007fff3aea5000 	/System/Library/Frameworks/ImageIO.framework/Versions/A/Resources/libJPEG.dylib
0x00007fff3b164000 	/System/Library/Frameworks/ImageIO.framework/Versions/A/Resources/libTIFF.dylib
0x00007fff3b147000 	/System/Library/Frameworks/ImageIO.framework/Versions/A/Resources/libPng.dylib
0x00007fff3ade6000 	/System/Library/Frameworks/ImageIO.framework/Versions/A/Resources/libGIF.dylib
0x00007fff3adea000 	/System/Library/Frameworks/ImageIO.framework/Versions/A/Resources/libJP2.dylib
0x00007fff3b162000 	/System/Library/Frameworks/ImageIO.framework/Versions/A/Resources/libRadiance.dylib
0x00007fff6cca8000 	/usr/lib/libexpat.1.dylib
0x00007fff4b145000 	/System/Library/PrivateFrameworks/AppleJPEG.framework/Versions/A/AppleJPEG
0x00007fff539bd000 	/System/Library/PrivateFrameworks/FontServices.framework/libFontParser.dylib
0x00007fff6a688000 	/System/Library/PrivateFrameworks/WatchdogClient.framework/Versions/A/WatchdogClient
0x00007fff5be14000 	/System/Library/PrivateFrameworks/IOAccelerator.framework/Versions/A/IOAccelerator
0x00007fff3d50f000 	/System/Library/Frameworks/MetalPerformanceShaders.framework/Versions/A/MetalPerformanceShaders
0x00007fff5870a000 	/System/Library/PrivateFrameworks/GPUWrangler.framework/Versions/A/GPUWrangler
0x00007fff5be1f000 	/System/Library/PrivateFrameworks/IOPresentment.framework/Versions/A/IOPresentment
0x00007fff5147d000 	/System/Library/PrivateFrameworks/DSExternalDisplay.framework/Versions/A/DSExternalDisplay
0x00007fff419ac000 	/System/Library/Frameworks/OpenGL.framework/Versions/A/Libraries/libCoreFSCache.dylib
0x00007fff3d260000 	/System/Library/Frameworks/MetalPerformanceShaders.framework/Frameworks/MPSCore.framework/Versions/A/MPSCore
0x00007fff3d29d000 	/System/Library/Frameworks/MetalPerformanceShaders.framework/Frameworks/MPSImage.framework/Versions/A/MPSImage
0x00007fff3d360000 	/System/Library/Frameworks/MetalPerformanceShaders.framework/Frameworks/MPSNeuralNetwork.framework/Versions/A/MPSNeuralNetwork
0x00007fff3d324000 	/System/Library/Frameworks/MetalPerformanceShaders.framework/Frameworks/MPSMatrix.framework/Versions/A/MPSMatrix
0x00007fff3d4c0000 	/System/Library/Frameworks/MetalPerformanceShaders.framework/Frameworks/MPSRayIntersector.framework/Versions/A/MPSRayIntersector
0x00007fff3d34a000 	/System/Library/Frameworks/MetalPerformanceShaders.framework/Frameworks/MPSNDArray.framework/Versions/A/MPSNDArray
0x00007fff5dd20000 	/System/Library/PrivateFrameworks/MetalTools.framework/Versions/A/MetalTools
0x00007fff4a481000 	/System/Library/PrivateFrameworks/AggregateDictionary.framework/Versions/A/AggregateDictionary
0x00007fff4ef66000 	/System/Library/PrivateFrameworks/CoreAnalytics.framework/Versions/A/CoreAnalytics
0x00007fff4b566000 	/System/Library/PrivateFrameworks/AppleSauce.framework/Versions/A/AppleSauce
0x00007fff6bc90000 	/usr/lib/libIOReport.dylib
0x00007fff39d9e000 	/System/Library/Frameworks/CoreVideo.framework/Versions/A/CoreVideo
0x00007fff59af7000 	/System/Library/PrivateFrameworks/GraphVisualizer.framework/Versions/A/GraphVisualizer
0x00007fff52f3f000 	/System/Library/PrivateFrameworks/FaceCore.framework/Versions/A/FaceCore
0x00007fff40fcd000 	/System/Library/Frameworks/OpenCL.framework/Versions/A/OpenCL
0x00007fff6bab2000 	/usr/lib/libFosl_dynamic.dylib
0x00007fff5f138000 	/System/Library/PrivateFrameworks/OTSVG.framework/Versions/A/OTSVG
0x00007fff35ed4000 	/System/Library/Frameworks/ApplicationServices.framework/Versions/A/Frameworks/ATS.framework/Versions/A/Resources/libFontRegistry.dylib
0x00007fff53b8e000 	/System/Library/PrivateFrameworks/FontServices.framework/libhvf.dylib
0x00007fff419b7000 	/System/Library/Frameworks/OpenGL.framework/Versions/A/Libraries/libGFXShared.dylib
0x00007fff41b94000 	/System/Library/Frameworks/OpenGL.framework/Versions/A/Libraries/libGLU.dylib
0x00007fff419c0000 	/System/Library/Frameworks/OpenGL.framework/Versions/A/Libraries/libGL.dylib
0x00007fff419cb000 	/System/Library/Frameworks/OpenGL.framework/Versions/A/Libraries/libGLImage.dylib
0x00007fff419a9000 	/System/Library/Frameworks/OpenGL.framework/Versions/A/Libraries/libCVMSPluginSupport.dylib
0x00007fff419b2000 	/System/Library/Frameworks/OpenGL.framework/Versions/A/Libraries/libCoreVMClient.dylib
0x00007fff6d6e8000 	/usr/lib/libncurses.5.4.dylib
0x00007fff35dd0000 	/System/Library/Frameworks/ApplicationServices.framework/Versions/A/Frameworks/ATS.framework/Versions/A/ATS
0x00007fff35f9d000 	/System/Library/Frameworks/ApplicationServices.framework/Versions/A/Frameworks/ColorSyncLegacy.framework/Versions/A/ColorSyncLegacy
0x00007fff3603c000 	/System/Library/Frameworks/ApplicationServices.framework/Versions/A/Frameworks/HIServices.framework/Versions/A/HIServices
0x00007fff36093000 	/System/Library/Frameworks/ApplicationServices.framework/Versions/A/Frameworks/LangAnalysis.framework/Versions/A/LangAnalysis
0x00007fff360a2000 	/System/Library/Frameworks/ApplicationServices.framework/Versions/A/Frameworks/PrintCore.framework/Versions/A/PrintCore
0x00007fff360e8000 	/System/Library/Frameworks/ApplicationServices.framework/Versions/A/Frameworks/QD.framework/Versions/A/QD
0x00007fff360f3000 	/System/Library/Frameworks/ApplicationServices.framework/Versions/A/Frameworks/SpeechSynthesis.framework/Versions/A/SpeechSynthesis
0x00007fff35f6d000 	/System/Library/Frameworks/ApplicationServices.framework/Versions/A/Frameworks/ATSUI.framework/Versions/A/ATSUI
0x00007fff6cb3c000 	/usr/lib/libcups.2.dylib
0x00007fff3c5c8000 	/System/Library/Frameworks/Kerberos.framework/Versions/A/Kerberos
0x00007fff3a87d000 	/System/Library/Frameworks/GSS.framework/Versions/A/GSS
0x00007fff6de56000 	/usr/lib/libresolv.9.dylib
0x00007fff59c98000 	/System/Library/PrivateFrameworks/Heimdal.framework/Versions/A/Heimdal
0x00007fff3c5db000 	/System/Library/Frameworks/Kerberos.framework/Versions/A/Libraries/libHeimdalProxy.dylib
0x00007fff6cce6000 	/usr/lib/libheimdal-asn1.dylib
0x00007fff4e42c000 	/System/Library/PrivateFrameworks/CommonAuth.framework/Versions/A/CommonAuth
0x00007fff4b6e5000 	/System/Library/PrivateFrameworks/AssertionServices.framework/Versions/A/AssertionServices
0x00007fff4c27b000 	/System/Library/PrivateFrameworks/AudioToolboxCore.framework/Versions/A/AudioToolboxCore
0x00007fff6b2e0000 	/System/Library/PrivateFrameworks/caulk.framework/Versions/A/caulk
0x00007fff4c831000 	/System/Library/PrivateFrameworks/BaseBoard.framework/Versions/A/BaseBoard
0x00007fff63210000 	/System/Library/PrivateFrameworks/RunningBoardServices.framework/Versions/A/RunningBoardServices
0x00007fff60303000 	/System/Library/PrivateFrameworks/PersistentConnection.framework/Versions/A/PersistentConnection
0x00007fff62c1d000 	/System/Library/PrivateFrameworks/ProtocolBuffer.framework/Versions/A/ProtocolBuffer
0x00007fff4e449000 	/System/Library/PrivateFrameworks/CommonUtilities.framework/Versions/A/CommonUtilities
0x00007fff4c9b0000 	/System/Library/PrivateFrameworks/Bom.framework/Versions/A/Bom
0x00007fff6b961000 	/usr/lib/libAudioToolboxUtility.dylib
0x00007fff4c78f000 	/System/Library/PrivateFrameworks/Backup.framework/Versions/A/Backup
0x00007fff511ec000 	/System/Library/PrivateFrameworks/CrashReporterSupport.framework/Versions/A/CrashReporterSupport
0x00007fff64c99000 	/System/Library/PrivateFrameworks/Sharing.framework/Versions/A/Sharing
0x00007fff4ae92000 	/System/Library/PrivateFrameworks/Apple80211.framework/Versions/A/Apple80211
0x00007fff4c4b7000 	/System/Library/PrivateFrameworks/AuthKit.framework/Versions/A/AuthKit
0x00007fff50f1a000 	/System/Library/PrivateFrameworks/CoreUtils.framework/Versions/A/CoreUtils
0x00007fff39de3000 	/System/Library/Frameworks/CoreWLAN.framework/Versions/A/CoreWLAN
0x00007fff3a9e6000 	/System/Library/Frameworks/IOBluetooth.framework/Versions/A/IOBluetooth
0x00007fff5e01e000 	/System/Library/PrivateFrameworks/MobileKeyBag.framework/Versions/A/MobileKeyBag
0x00007fff4fffb000 	/System/Library/PrivateFrameworks/CorePhoneNumbers.framework/Versions/A/CorePhoneNumbers
0x00007fff4b0f8000 	/System/Library/PrivateFrameworks/AppleIDAuthSupport.framework/Versions/A/AppleIDAuthSupport
0x00007fff3e463000 	/System/Library/Frameworks/Network.framework/Versions/A/Network
0x00007fff5c60a000 	/System/Library/PrivateFrameworks/KeychainCircle.framework/Versions/A/KeychainCircle
0x00007fff37870000 	/System/Library/Frameworks/CoreBluetooth.framework/Versions/A/CoreBluetooth
0x00007fff668f3000 	/System/Library/PrivateFrameworks/SpeechRecognitionCore.framework/Versions/A/SpeechRecognitionCore
0x0000000102000000 	/usr/local/Cellar/openjdk/13.0.1+9/libexec/openjdk.jdk/Contents/Home/lib/server/libjvm.dylib
0x00000001017ab000 	/usr/local/Cellar/openjdk/13.0.1+9/libexec/openjdk.jdk/Contents/Home/lib/libverify.dylib
0x00000001017b8000 	/usr/local/Cellar/openjdk/13.0.1+9/libexec/openjdk.jdk/Contents/Home/lib/libjava.dylib
0x0000000102ec7000 	/usr/local/Cellar/openjdk/13.0.1+9/libexec/openjdk.jdk/Contents/Home/lib/libzip.dylib
0x0000000102ed0000 	/usr/local/Cellar/openjdk/13.0.1+9/libexec/openjdk.jdk/Contents/Home/lib/libjimage.dylib
0x0000000124331000 	/usr/local/Cellar/openjdk/13.0.1+9/libexec/openjdk.jdk/Contents/Home/lib/libnio.dylib
0x0000000124341000 	/usr/local/Cellar/openjdk/13.0.1+9/libexec/openjdk.jdk/Contents/Home/lib/libnet.dylib
0x00000001243de000 	/usr/local/Cellar/openjdk/13.0.1+9/libexec/openjdk.jdk/Contents/Home/lib/libawt.dylib
0x0000000124475000 	/usr/local/Cellar/openjdk/13.0.1+9/libexec/openjdk.jdk/Contents/Home/lib/libmlib_image.dylib
0x00007fff3c5b1000 	/System/Library/Frameworks/JavaVM.framework/Versions/A/Frameworks/JavaNativeFoundation.framework/Versions/A/JavaNativeFoundation
0x00007fff3c5ba000 	/System/Library/Frameworks/JavaVM.framework/Versions/A/Frameworks/JavaRuntimeSupport.framework/Versions/A/JavaRuntimeSupport
0x00007fff3c5c3000 	/System/Library/Frameworks/JavaVM.framework/Versions/A/JavaVM
0x00007fff5c46c000 	/System/Library/PrivateFrameworks/JavaLaunching.framework/Versions/A/JavaLaunching
0x00007fff36945000 	/System/Library/Frameworks/Carbon.framework/Versions/A/Carbon
0x00007fff50cce000 	/System/Library/PrivateFrameworks/CoreSymbolication.framework/Versions/A/CoreSymbolication
0x00007fff36946000 	/System/Library/Frameworks/Carbon.framework/Versions/A/Frameworks/CommonPanels.framework/Versions/A/CommonPanels
0x00007fff36c3f000 	/System/Library/Frameworks/Carbon.framework/Versions/A/Frameworks/Help.framework/Versions/A/Help
0x00007fff36c43000 	/System/Library/Frameworks/Carbon.framework/Versions/A/Frameworks/ImageCapture.framework/Versions/A/ImageCapture
0x00007fff36c4a000 	/System/Library/Frameworks/Carbon.framework/Versions/A/Frameworks/OpenScripting.framework/Versions/A/OpenScripting
0x00007fff36c49000 	/System/Library/Frameworks/Carbon.framework/Versions/A/Frameworks/Ink.framework/Versions/A/Ink
0x00007fff36c85000 	/System/Library/Frameworks/Carbon.framework/Versions/A/Frameworks/Print.framework/Versions/A/Print
0x00007fff36c86000 	/System/Library/Frameworks/Carbon.framework/Versions/A/Frameworks/SecurityHI.framework/Versions/A/SecurityHI
0x00007fff515b2000 	/System/Library/PrivateFrameworks/DebugSymbols.framework/Versions/A/DebugSymbols
0x00000001244d8000 	/usr/local/Cellar/openjdk/13.0.1+9/libexec/openjdk.jdk/Contents/Home/lib/libawt_lwawt.dylib
0x000000012457e000 	/usr/local/Cellar/openjdk/13.0.1+9/libexec/openjdk.jdk/Contents/Home/lib/libosxapp.dylib
0x00007fff3a2f0000 	/System/Library/Frameworks/ExceptionHandling.framework/Versions/A/ExceptionHandling
0x00000001245ae000 	/usr/local/Cellar/openjdk/13.0.1+9/libexec/openjdk.jdk/Contents/Home/lib/libfontmanager.dylib
0x00000001246ac000 	/usr/local/Cellar/openjdk/13.0.1+9/libexec/openjdk.jdk/Contents/Home/lib/libfreetype.dylib
0x00007fff50771000 	/System/Library/PrivateFrameworks/CoreServicesInternal.framework/Versions/A/CoreServicesInternal
0x00007fff3a30f000 	/System/Library/Frameworks/FileProvider.framework/Versions/A/FileProvider
0x00007fff34e2f000 	/System/Library/Frameworks/Accounts.framework/Versions/A/Accounts
0x00007fff58a2a000 	/System/Library/PrivateFrameworks/GenerationalStorage.framework/Versions/A/GenerationalStorage
0x00007fff67120000 	/System/Library/PrivateFrameworks/SymptomDiagnosticReporter.framework/Versions/A/SymptomDiagnosticReporter
0x00007fff4a98f000 	/System/Library/PrivateFrameworks/AppContainer.framework/Versions/A/AppContainer
0x00007fff6de70000 	/usr/lib/libsandbox.1.dylib
0x00007fff6962c000 	/System/Library/PrivateFrameworks/UserManagement.framework/Versions/A/UserManagement
0x00007fff4d557000 	/System/Library/PrivateFrameworks/ChunkingLibrary.framework/Versions/A/ChunkingLibrary
0x00007fff4aa00000 	/System/Library/PrivateFrameworks/AppSandbox.framework/Versions/A/AppSandbox
0x00007fff64b4e000 	/System/Library/PrivateFrameworks/SecCodeWrapper.framework/Versions/A/SecCodeWrapper
0x00007fff6bd76000 	/usr/lib/libMatch.1.dylib
0x00007fff2b364000 	/System/Library/CoreServices/RawCamera.bundle/Contents/MacOS/RawCamera
0x00007fff5de48000 	/System/Library/PrivateFrameworks/MobileAsset.framework/Versions/A/MobileAsset
0x00007fff66fce000 	/System/Library/PrivateFrameworks/StreamingZip.framework/Versions/A/StreamingZip
0x00007fff3ca3f000 	/System/Library/Frameworks/MediaToolbox.framework/Versions/A/MediaToolbox
0x00007fff4ef16000 	/System/Library/PrivateFrameworks/CoreAVCHD.framework/Versions/A/CoreAVCHD
0x00007fff3c96c000 	/System/Library/Frameworks/MediaAccessibility.framework/Versions/A/MediaAccessibility
0x00007fff5d23c000 	/System/Library/PrivateFrameworks/Mangrove.framework/Versions/A/Mangrove
0x00007fff38fb1000 	/System/Library/Frameworks/CoreMedia.framework/Versions/A/CoreMedia
0x00007fff5d497000 	/System/Library/PrivateFrameworks/MediaExperience.framework/Versions/A/MediaExperience
0x00007fff458ca000 	/System/Library/Frameworks/VideoToolbox.framework/Versions/A/VideoToolbox
0x00007fff4eb40000 	/System/Library/PrivateFrameworks/CoreAUC.framework/Versions/A/CoreAUC
0x00007fff6dec7000 	/usr/lib/libspindump.dylib
0x00007fff4bc26000 	/System/Library/PrivateFrameworks/AudioResourceArbitration.framework/Versions/A/AudioResourceArbitration
0x00007fff4b64c000 	/System/Library/PrivateFrameworks/AppleVA.framework/Versions/A/AppleVA
0x00007fff33b75000 	/System/Library/Frameworks/Accelerate.framework/Versions/A/Frameworks/vImage.framework/Versions/A/Libraries/libCGInterfaces.dylib
0x0000000125ca5000 	/usr/lib/libobjc-trampolines.dylib
0x00007fff53af5000 	/System/Library/PrivateFrameworks/FontServices.framework/libTrueTypeScaler.dylib
0x00007fff2efae000 	/System/Library/Extensions/AppleIntelBDWGraphicsMTLDriver.bundle/Contents/MacOS/AppleIntelBDWGraphicsMTLDriver
0x00007fff57062000 	/System/Library/PrivateFrameworks/GPUCompiler.framework/Versions/3902/Libraries/libmetal_timestamp.dylib
0x00007fff6a3fa000 	/System/Library/PrivateFrameworks/ViewBridge.framework/Versions/A/ViewBridge
0x00007fff42610000 	/System/Library/Frameworks/OpenGL.framework/Versions/A/Resources/GLEngine.bundle/GLEngine
0x00007fff41a01000 	/System/Library/Frameworks/OpenGL.framework/Versions/A/Libraries/libGLProgrammability.dylib
0x00007fff2eaa9000 	/System/Library/Extensions/AppleIntelBDWGraphicsGLDriver.bundle/Contents/MacOS/AppleIntelBDWGraphicsGLDriver
0x00007fff586fe000 	/System/Library/PrivateFrameworks/GPUSupport.framework/Versions/A/Libraries/libGPUSupportMercury.dylib
0x00007fff4278a000 	/System/Library/Frameworks/OpenGL.framework/Versions/A/Resources/GLRendererFloat.bundle/GLRendererFloat
0x00007fff40fc4000 	/System/Library/Frameworks/OpenCL.framework/Versions/A/Libraries/libcldcpuengine.dylib
0x00007fff6c721000 	/usr/lib/libcrypto.35.dylib
0x00007fff67b0c000 	/System/Library/PrivateFrameworks/TrustEvaluationAgent.framework/Versions/A/TrustEvaluationAgent
0x00007fff6b630000 	/System/Library/PrivateFrameworks/login.framework/Versions/A/login
0x0000000127c47000 	/usr/local/Cellar/openjdk/13.0.1+9/libexec/openjdk.jdk/Contents/Home/lib/libosxui.dylib
0x00007fff64dbc000 	/System/Library/PrivateFrameworks/Shortcut.framework/Versions/A/Shortcut
0x00007fff5a6fb000 	/System/Library/PrivateFrameworks/HelpData.framework/Versions/A/HelpData
0x00007fff4d6d4000 	/System/Library/PrivateFrameworks/CloudDocs.framework/Versions/A/CloudDocs
0x00007fff669c3000 	/System/Library/PrivateFrameworks/SpotlightIndex.framework/Versions/A/SpotlightIndex
0x00007fff61d45000 	/System/Library/PrivateFrameworks/PowerLog.framework/Versions/A/PowerLog
0x00007fff6719a000 	/System/Library/PrivateFrameworks/SystemAdministration.framework/Versions/A/SystemAdministration
0x00007fff51957000 	/System/Library/PrivateFrameworks/DiskManagement.framework/Versions/A/DiskManagement
0x00007fff3a03a000 	/System/Library/Frameworks/DirectoryService.framework/Versions/A/DirectoryService
0x00007fff5188e000 	/System/Library/PrivateFrameworks/DiskImages.framework/Versions/A/DiskImages
0x00007fff5c946000 	/System/Library/PrivateFrameworks/LoginUIKit.framework/Versions/A/Frameworks/LoginUICore.framework/Versions/A/LoginUICore
0x00007fff6b9e0000 	/usr/lib/libCoreStorage.dylib
0x00007fff6cb29000 	/usr/lib/libcsfde.dylib
0x00007fff6dd88000 	/usr/lib/libodfde.dylib
0x00007fff5d522000 	/System/Library/PrivateFrameworks/MediaKit.framework/Versions/A/MediaKit
0x00007fff3a046000 	/System/Library/Frameworks/DiscRecording.framework/Versions/A/DiscRecording
0x00007fff51b05000 	/System/Library/PrivateFrameworks/EFILogin.framework/Versions/A/EFILogin
0x00007fff62bc2000 	/System/Library/PrivateFrameworks/ProtectedCloudStorage.framework/Versions/A/ProtectedCloudStorage
0x00007fff6cb9d000 	/usr/lib/libcurl.4.dylib
0x00007fff6ca22000 	/usr/lib/libcrypto.44.dylib
0x00007fff6e1aa000 	/usr/lib/libssl.46.dylib
0x00007fff3c5dc000 	/System/Library/Frameworks/LDAP.framework/Versions/A/LDAP
0x00007fff6deb4000 	/usr/lib/libsasl2.2.dylib
0x00007fff4f24d000 	/System/Library/PrivateFrameworks/CoreDaemon.framework/Versions/B/CoreDaemon
0x00007fff4b561000 	/System/Library/PrivateFrameworks/AppleSRP.framework/Versions/A/AppleSRP


VM Arguments:
java_command: /Users/ksenia/Downloads/MidiZyx2abc_6.04.jar
java_class_path (initial): /Users/ksenia/Downloads/MidiZyx2abc_6.04.jar
Launcher Type: SUN_STANDARD

[Global flags]
     intx CICompilerCount                          = 3                                         {product} {ergonomic}
     uint ConcGCThreads                            = 1                                         {product} {ergonomic}
     uint G1ConcRefinementThreads                  = 4                                         {product} {ergonomic}
   size_t G1HeapRegionSize                         = 1048576                                   {product} {ergonomic}
    uintx GCDrainStackTargetSize                   = 64                                        {product} {ergonomic}
   size_t InitialHeapSize                          = 134217728                                 {product} {ergonomic}
   size_t MarkStackSize                            = 4194304                                   {product} {ergonomic}
   size_t MaxHeapSize                              = 2147483648                                {product} {ergonomic}
   size_t MaxNewSize                               = 1287651328                                {product} {ergonomic}
   size_t MinHeapDeltaBytes                        = 1048576                                   {product} {ergonomic}
   size_t MinHeapSize                              = 8388608                                   {product} {ergonomic}
    uintx NonNMethodCodeHeapSize                   = 5830732                                {pd product} {ergonomic}
    uintx NonProfiledCodeHeapSize                  = 122913754                              {pd product} {ergonomic}
    uintx ProfiledCodeHeapSize                     = 122913754                              {pd product} {ergonomic}
    uintx ReservedCodeCacheSize                    = 251658240                              {pd product} {ergonomic}
     bool SegmentedCodeCache                       = true                                      {product} {ergonomic}
   size_t SoftMaxHeapSize                          = 2147483648                             {manageable} {ergonomic}
     bool UseCompressedClassPointers               = true                                 {lp64_product} {ergonomic}
     bool UseCompressedOops                        = true                                 {lp64_product} {ergonomic}
     bool UseG1GC                                  = true                                      {product} {ergonomic}

Logging:
Log output configuration:
 #0: stdout all=warning uptime,level,tags
 #1: stderr all=off uptime,level,tags

Environment Variables:
PATH=/usr/local/opt/qt/bin:/usr/local/sbin:/Users/ksenia/bin:/usr/local/bin:/usr/local/bin:/usr/bin:/bin:/usr/sbin:/sbin:/Library/Apple/usr/bin:/Library/Apple/bin:/usr/local/share/dotnet:~/.dotnet/tools:/Library/Frameworks/Mono.framework/Versions/Current/Commands
SHELL=/bin/zsh

Signal Handlers:
SIGSEGV: [libjvm.dylib+0x7f4f72], sa_mask[0]=11111111011111110111111111111111, sa_flags=SA_ONSTACK|SA_RESTART|SA_SIGINFO
SIGBUS: [libjvm.dylib+0x7f4f72], sa_mask[0]=11111111011111110111111111111111, sa_flags=SA_RESTART|SA_SIGINFO
SIGFPE: [libjvm.dylib+0x7f4f72], sa_mask[0]=11111111011111110111111111111111, sa_flags=SA_RESTART|SA_SIGINFO
SIGPIPE: [libjvm.dylib+0x63a795], sa_mask[0]=11111111011111110111111111111111, sa_flags=SA_RESTART|SA_SIGINFO
SIGXFSZ: [libjvm.dylib+0x63a795], sa_mask[0]=11111111011111110111111111111111, sa_flags=SA_RESTART|SA_SIGINFO
SIGILL: [libjvm.dylib+0x7f4f72], sa_mask[0]=11111111011111110111111111111111, sa_flags=SA_RESTART|SA_SIGINFO
SIGUSR2: [libjvm.dylib+0x63ad6a], sa_mask[0]=00000000000000000000000000000000, sa_flags=SA_RESTART|SA_SIGINFO
SIGHUP: [libjvm.dylib+0x639d63], sa_mask[0]=11111111011111110111111111111111, sa_flags=SA_RESTART|SA_SIGINFO
SIGINT: [libjvm.dylib+0x639d63], sa_mask[0]=11111111011111110111111111111111, sa_flags=SA_RESTART|SA_SIGINFO
SIGTERM: [libjvm.dylib+0x639d63], sa_mask[0]=11111111011111110111111111111111, sa_flags=SA_RESTART|SA_SIGINFO
SIGQUIT: [libjvm.dylib+0x639d63], sa_mask[0]=11111111011111110111111111111111, sa_flags=SA_RESTART|SA_SIGINFO


---------------  S Y S T E M  ---------------

OS:uname:Darwin 19.0.0 Darwin Kernel Version 19.0.0: Wed Sep 25 20:18:50 PDT 2019; root:xnu-6153.11.26~2/RELEASE_X86_64 x86_64
rlimit: STACK 8192k, CORE 0k, NPROC 1392, NOFILE 10240, AS infinity, DATA infinity, FSIZE infinity
load average:4.13 3.40 2.70

CPU:total 4 (initial active 4) (2 cores per cpu, 2 threads per core) family 6 model 61 stepping 4, cmov, cx8, fxsr, mmx, sse, sse2, sse3, ssse3, sse4.1, sse4.2, popcnt, avx, avx2, aes, clmul, erms, 3dnowpref, lzcnt, ht, tsc, tscinvbit, bmi1, bmi2, adx, fma

Memory: 4k page, physical 8388608k(47224k free), swap 7340032k(924416k free)

vm_info: OpenJDK 64-Bit Server VM (13.0.1+9) for bsd-amd64 JRE (13.0.1+9), built on Nov  5 2019 07:05:08 by "brew" with clang 4.2.1 Compatible Apple LLVM 11.0.0 (clang-1100.0.33.8)

END.
